OpenSTA 2.4.0 41a51eaf4c Copyright (c) 2021, Parallax Software, Inc.
License GPLv3: GNU GPL version 3 <http://gnu.org/licenses/gpl.html>

This is free software, and you are free to change and redistribute it
under certain conditions; type `show_copying' for details. 
This program comes with ABSOLUTELY NO WARRANTY; for details type `show_warranty'.
===== report_clock_properties =====
Clock                   Period          Waveform
----------------------------------------------------
clk                      17.00        0.00      8.50
===== check input->* paths (should be empty due false-path) =====
No paths found.
===== check *->output paths (should be empty due false-path) =====
No paths found.
===== top max timing paths =====
Startpoint: _144087_ (rising edge-triggered flip-flop clocked by clk)
Endpoint: _144116_ (rising edge-triggered flip-flop clocked by clk)
Path Group: clk
Path Type: max

  Delay    Time   Description
---------------------------------------------------------
   0.00    0.00   clock clk (rise edge)
   0.00    0.00   clock network delay (ideal)
   0.00    0.00 ^ _144087_/CLK (sky130_fd_sc_hd__dfxtp_2)
   0.37    0.37 v _144087_/Q (sky130_fd_sc_hd__dfxtp_2)
   0.14    0.51 v _069097_/X (sky130_fd_sc_hd__buf_8)
   0.40    0.90 v _069282_/X (sky130_fd_sc_hd__or3_4)
   0.15    1.05 v _069283_/X (sky130_fd_sc_hd__buf_6)
   0.52    1.57 v _069343_/X (sky130_fd_sc_hd__or4_4)
   0.53    2.10 v _069347_/X (sky130_fd_sc_hd__or4_4)
   0.37    2.47 ^ _069349_/X (sky130_fd_sc_hd__and4b_4)
   0.48    2.95 v _069350_/X (sky130_fd_sc_hd__or4b_4)
   0.16    3.11 v _069351_/X (sky130_fd_sc_hd__buf_6)
   0.30    3.41 ^ _069372_/Y (sky130_fd_sc_hd__nor3_4)
   0.21    3.62 ^ _069380_/X (sky130_fd_sc_hd__o31a_2)
   0.14    3.76 ^ _069381_/X (sky130_fd_sc_hd__buf_6)
   0.34    4.11 v _069423_/X (sky130_fd_sc_hd__mux2_2)
   0.29    4.40 v _069424_/X (sky130_fd_sc_hd__buf_1)
   0.62    5.02 v _069425_/X (sky130_fd_sc_hd__or4_2)
   0.69    5.71 v _069432_/X (sky130_fd_sc_hd__or4_2)
   0.52    6.23 v _069437_/X (sky130_fd_sc_hd__or4_4)
   0.17    6.40 v _069438_/X (sky130_fd_sc_hd__buf_6)
   0.41    6.81 v _069505_/X (sky130_fd_sc_hd__or3_4)
   0.48    7.29 v _069522_/X (sky130_fd_sc_hd__o41a_4)
   0.23    7.52 ^ _069662_/Y (sky130_fd_sc_hd__a41oi_2)
   0.26    7.78 ^ _069663_/X (sky130_fd_sc_hd__o221a_2)
   0.05    7.83 v _069666_/Y (sky130_fd_sc_hd__nor2_2)
   0.20    8.04 v _069678_/X (sky130_fd_sc_hd__o21a_2)
   0.50    8.54 v _069683_/X (sky130_fd_sc_hd__a2111o_2)
   0.21    8.75 ^ _069684_/Y (sky130_fd_sc_hd__a21oi_4)
   0.22    8.97 ^ _069694_/X (sky130_fd_sc_hd__mux2_4)
   0.11    9.08 ^ _069708_/X (sky130_fd_sc_hd__or2_4)
   0.23    9.31 v _069709_/X (sky130_fd_sc_hd__a21bo_4)
   0.24    9.55 v _069715_/X (sky130_fd_sc_hd__a21o_4)
   0.31    9.86 v _069727_/X (sky130_fd_sc_hd__a211o_2)
   0.36   10.22 v _069729_/X (sky130_fd_sc_hd__a221o_2)
   0.27   10.49 v _069734_/X (sky130_fd_sc_hd__a32o_2)
   0.26   10.75 v _069753_/X (sky130_fd_sc_hd__a31o_2)
   0.34   11.09 ^ _069760_/Y (sky130_fd_sc_hd__a221oi_4)
   0.09   11.18 v _069761_/Y (sky130_fd_sc_hd__nor2_4)
   0.36   11.53 v _069784_/X (sky130_fd_sc_hd__mux2_4)
   0.22   11.75 ^ _069785_/Y (sky130_fd_sc_hd__xnor2_2)
   0.07   11.82 v _069786_/Y (sky130_fd_sc_hd__nand2_2)
   0.29   12.11 v _069790_/X (sky130_fd_sc_hd__o211a_2)
   0.41   12.52 v _069800_/X (sky130_fd_sc_hd__o311a_4)
   0.14   12.65 ^ _069801_/Y (sky130_fd_sc_hd__nor2_4)
   0.40   13.06 v _069802_/X (sky130_fd_sc_hd__mux2_2)
   0.24   13.30 ^ _069803_/Y (sky130_fd_sc_hd__xnor2_2)
   0.27   13.57 v _069815_/X (sky130_fd_sc_hd__and4bb_2)
   0.53   14.09 v _069856_/X (sky130_fd_sc_hd__a2111o_2)
   0.12   14.21 ^ _069902_/Y (sky130_fd_sc_hd__nand2_4)
   0.40   14.62 v _069911_/X (sky130_fd_sc_hd__mux2_2)
   0.18   14.80 v _069912_/Y (sky130_fd_sc_hd__xnor2_2)
   0.26   15.06 v _069917_/X (sky130_fd_sc_hd__and4_2)
   0.38   15.43 v _069926_/X (sky130_fd_sc_hd__a211o_4)
   0.13   15.57 ^ _069927_/Y (sky130_fd_sc_hd__nand2_4)
   0.37   15.93 v _069947_/X (sky130_fd_sc_hd__mux2_4)
   0.16   16.10 v _069948_/Y (sky130_fd_sc_hd__xnor2_2)
   0.40   16.49 v _069957_/X (sky130_fd_sc_hd__o32a_4)
   0.25   16.75 v _069987_/X (sky130_fd_sc_hd__o21a_2)
   0.41   17.15 v _069998_/X (sky130_fd_sc_hd__o31a_2)
   0.56   17.72 v _070012_/X (sky130_fd_sc_hd__or4_4)
   0.21   17.93 v _070014_/X (sky130_fd_sc_hd__and3_4)
   0.16   18.09 v _070034_/Y (sky130_fd_sc_hd__nand4b_4)
   0.51   18.61 v _070047_/X (sky130_fd_sc_hd__a2111o_2)
   0.56   19.17 v _070069_/X (sky130_fd_sc_hd__a2111o_2)
   0.28   19.45 ^ _070076_/Y (sky130_fd_sc_hd__a21oi_4)
   0.38   19.83 v _070090_/X (sky130_fd_sc_hd__mux2_4)
   0.17   20.00 v _070091_/Y (sky130_fd_sc_hd__xnor2_2)
   0.43   20.44 v _070098_/X (sky130_fd_sc_hd__or3_4)
   0.52   20.96 v _070159_/X (sky130_fd_sc_hd__or4_4)
   0.22   21.18 v _070165_/X (sky130_fd_sc_hd__o2111a_4)
   0.17   21.35 ^ _070166_/Y (sky130_fd_sc_hd__nor2_8)
   0.44   21.79 v _070235_/X (sky130_fd_sc_hd__or3b_4)
   0.24   22.02 v _070237_/X (sky130_fd_sc_hd__and3_2)
   0.24   22.26 v _070238_/X (sky130_fd_sc_hd__or2_4)
   0.31   22.57 v _070246_/X (sky130_fd_sc_hd__or2_2)
   0.53   23.11 v _070257_/X (sky130_fd_sc_hd__a2111o_2)
   0.38   23.49 ^ _070283_/Y (sky130_fd_sc_hd__a21oi_4)
   0.40   23.88 v _070370_/X (sky130_fd_sc_hd__mux2_4)
   0.17   24.05 v _070371_/Y (sky130_fd_sc_hd__xnor2_2)
   0.44   24.49 v _070372_/X (sky130_fd_sc_hd__or4_4)
   0.57   25.06 v _070376_/X (sky130_fd_sc_hd__or4b_4)
   0.36   25.42 v _070397_/X (sky130_fd_sc_hd__a211o_2)
   0.25   25.67 ^ _070398_/Y (sky130_fd_sc_hd__a21oi_4)
   0.18   25.85 ^ _070399_/X (sky130_fd_sc_hd__buf_8)
   0.47   26.32 v _070446_/X (sky130_fd_sc_hd__or3b_2)
   0.13   26.45 ^ _070447_/Y (sky130_fd_sc_hd__o21ai_2)
   0.20   26.65 ^ _070448_/Y (sky130_fd_sc_hd__xnor2_2)
   0.28   26.94 ^ _070463_/X (sky130_fd_sc_hd__and4_4)
   0.17   27.11 ^ _070469_/X (sky130_fd_sc_hd__a211o_4)
   0.13   27.24 v _070506_/Y (sky130_fd_sc_hd__a41oi_4)
   0.71   27.95 v _070516_/X (sky130_fd_sc_hd__or4b_2)
   0.29   28.23 v _070520_/X (sky130_fd_sc_hd__a31o_2)
   0.38   28.61 v _070522_/X (sky130_fd_sc_hd__a211o_2)
   0.39   29.00 v _070528_/X (sky130_fd_sc_hd__a211o_2)
   0.32   29.32 ^ _070552_/Y (sky130_fd_sc_hd__o211ai_4)
   0.31   29.63 ^ _070617_/X (sky130_fd_sc_hd__a41o_2)
   0.19   29.82 ^ _070619_/X (sky130_fd_sc_hd__a31o_2)
   0.06   29.88 v _070620_/X (sky130_fd_sc_hd__xor2_2)
   0.31   30.19 v _070623_/X (sky130_fd_sc_hd__mux2_4)
   0.17   30.36 v _070624_/Y (sky130_fd_sc_hd__xnor2_2)
   0.56   30.92 v _070634_/X (sky130_fd_sc_hd__or4b_4)
   0.37   31.29 v _070737_/X (sky130_fd_sc_hd__o31a_4)
   0.30   31.59 ^ _070738_/Y (sky130_fd_sc_hd__a21oi_4)
   0.21   31.80 ^ _070739_/X (sky130_fd_sc_hd__buf_8)
   0.36   32.16 v _070789_/X (sky130_fd_sc_hd__mux2_1)
   0.23   32.39 v _070790_/X (sky130_fd_sc_hd__and2_2)
   0.48   32.87 v _070796_/X (sky130_fd_sc_hd__or3b_2)
   0.37   33.24 v _070811_/X (sky130_fd_sc_hd__a211o_2)
   0.25   33.49 v _070865_/X (sky130_fd_sc_hd__a21o_2)
   0.33   33.82 ^ _070881_/Y (sky130_fd_sc_hd__a21oi_4)
   0.45   34.27 v _070917_/X (sky130_fd_sc_hd__mux2_2)
   0.17   34.44 v _070918_/Y (sky130_fd_sc_hd__xnor2_2)
   0.57   35.01 v _070963_/X (sky130_fd_sc_hd__or4_4)
   0.50   35.51 v _070964_/X (sky130_fd_sc_hd__a2111o_2)
   0.21   35.72 v _070972_/X (sky130_fd_sc_hd__and3_4)
   0.41   36.13 v _071039_/X (sky130_fd_sc_hd__o311a_4)
   0.16   36.29 v _071040_/X (sky130_fd_sc_hd__buf_8)
   0.70   36.99 v _071115_/X (sky130_fd_sc_hd__or4_2)
   0.18   37.17 v _071116_/X (sky130_fd_sc_hd__o21a_4)
   0.15   37.32 v _071117_/Y (sky130_fd_sc_hd__xnor2_2)
   0.57   37.89 v _071136_/X (sky130_fd_sc_hd__or4b_4)
   0.40   38.28 v _071137_/X (sky130_fd_sc_hd__a2111o_4)
   0.23   38.51 v _071207_/X (sky130_fd_sc_hd__a21o_2)
   0.16   38.67 ^ _071224_/Y (sky130_fd_sc_hd__a21oi_4)
   0.16   38.83 ^ _071225_/X (sky130_fd_sc_hd__buf_12)
   0.41   39.24 v _071312_/X (sky130_fd_sc_hd__or3b_4)
   0.19   39.43 v _071314_/X (sky130_fd_sc_hd__and3_4)
   0.33   39.77 v _071315_/X (sky130_fd_sc_hd__or2_2)
   0.36   40.13 ^ _071323_/Y (sky130_fd_sc_hd__o41ai_2)
   0.15   40.27 v _071329_/Y (sky130_fd_sc_hd__a211oi_2)
   0.40   40.67 v _071380_/X (sky130_fd_sc_hd__a211o_2)
   0.26   40.93 v _071393_/X (sky130_fd_sc_hd__a21o_4)
   0.09   41.02 ^ _071394_/Y (sky130_fd_sc_hd__nor2_4)
   0.22   41.24 ^ _071395_/X (sky130_fd_sc_hd__buf_4)
   0.34   41.59 v _071413_/X (sky130_fd_sc_hd__mux2_4)
   0.18   41.76 v _071414_/X (sky130_fd_sc_hd__and2_4)
   0.39   42.16 v _071442_/X (sky130_fd_sc_hd__o311a_2)
   0.47   42.63 v _071444_/X (sky130_fd_sc_hd__a221o_2)
   0.29   42.91 v _071691_/X (sky130_fd_sc_hd__a31o_4)
   0.26   43.17 v _071721_/X (sky130_fd_sc_hd__a21o_2)
   0.22   43.39 v _071732_/X (sky130_fd_sc_hd__a21o_2)
   0.50   43.89 v _071737_/X (sky130_fd_sc_hd__a2111o_2)
   0.20   44.09 v _071738_/X (sky130_fd_sc_hd__and3_4)
   0.37   44.46 v _071740_/X (sky130_fd_sc_hd__or3_4)
   0.34   44.81 v _071741_/X (sky130_fd_sc_hd__or3_4)
   0.38   45.19 v _071742_/X (sky130_fd_sc_hd__a311o_2)
   0.33   45.52 ^ _071754_/Y (sky130_fd_sc_hd__a21oi_4)
   0.44   45.96 v _071913_/X (sky130_fd_sc_hd__mux2_2)
   0.35   46.31 v _071919_/X (sky130_fd_sc_hd__or2_2)
   0.50   46.81 v _071921_/X (sky130_fd_sc_hd__a2111o_2)
   0.44   47.25 v _071926_/X (sky130_fd_sc_hd__a2111o_2)
   0.37   47.62 v _071934_/X (sky130_fd_sc_hd__a311o_2)
   0.23   47.85 ^ _071947_/Y (sky130_fd_sc_hd__a31oi_4)
   0.42   48.28 v _072059_/X (sky130_fd_sc_hd__or3b_4)
   0.25   48.53 v _072060_/X (sky130_fd_sc_hd__and3_2)
   0.40   48.93 v _072068_/X (sky130_fd_sc_hd__or3b_4)
   0.43   49.36 v _072069_/X (sky130_fd_sc_hd__or4_4)
   0.39   49.75 v _072070_/X (sky130_fd_sc_hd__a2111o_2)
   0.18   49.93 v _072084_/X (sky130_fd_sc_hd__and3_4)
   0.45   50.38 v _072154_/X (sky130_fd_sc_hd__o311a_4)
   0.52   50.91 v _072159_/X (sky130_fd_sc_hd__or4b_4)
   0.26   51.16 v _072167_/X (sky130_fd_sc_hd__a31o_2)
   0.36   51.52 v _072174_/X (sky130_fd_sc_hd__a211o_2)
   0.57   52.09 v _072198_/X (sky130_fd_sc_hd__or4_4)
   0.36   52.45 v _072227_/X (sky130_fd_sc_hd__a211o_2)
   0.35   52.80 v _072298_/X (sky130_fd_sc_hd__a211o_2)
   0.37   53.16 v _072369_/X (sky130_fd_sc_hd__a211o_2)
   0.26   53.43 v _072395_/X (sky130_fd_sc_hd__a21o_4)
   0.51   53.93 v _072412_/X (sky130_fd_sc_hd__or3_2)
   0.13   54.06 ^ _072413_/Y (sky130_fd_sc_hd__o21ai_2)
   0.19   54.25 ^ _072414_/Y (sky130_fd_sc_hd__xnor2_2)
   0.44   54.69 v _072415_/X (sky130_fd_sc_hd__or3b_4)
   0.55   55.24 v _072444_/X (sky130_fd_sc_hd__or4bb_4)
   0.41   55.65 v _072599_/X (sky130_fd_sc_hd__o311a_4)
   0.33   55.98 ^ _072603_/Y (sky130_fd_sc_hd__a21oi_4)
   0.26   56.24 ^ _072610_/X (sky130_fd_sc_hd__and2_4)
   0.17   56.41 ^ _072611_/X (sky130_fd_sc_hd__buf_8)
   0.36   56.77 v _072786_/X (sky130_fd_sc_hd__mux2_4)
   0.25   57.02 v _072807_/X (sky130_fd_sc_hd__o211a_2)
   0.38   57.40 v _072809_/X (sky130_fd_sc_hd__a311o_2)
   0.35   57.75 v _072819_/X (sky130_fd_sc_hd__a211o_2)
   0.24   57.98 v _072820_/X (sky130_fd_sc_hd__and3_2)
   0.42   58.41 ^ _072834_/Y (sky130_fd_sc_hd__a211oi_4)
   0.33   58.74 v _072873_/X (sky130_fd_sc_hd__and4bb_2)
   0.35   59.09 v _072881_/X (sky130_fd_sc_hd__or3_4)
   0.26   59.35 ^ _072882_/X (sky130_fd_sc_hd__a21bo_2)
   0.09   59.44 v _072884_/Y (sky130_fd_sc_hd__a21oi_4)
   0.21   59.65 ^ _072897_/Y (sky130_fd_sc_hd__o21ai_2)
   0.25   59.91 ^ _072964_/X (sky130_fd_sc_hd__a311o_2)
   0.11   60.02 v _072990_/Y (sky130_fd_sc_hd__nand3b_2)
   0.50   60.53 v _073030_/X (sky130_fd_sc_hd__a2111o_2)
   0.31   60.84 v _073068_/X (sky130_fd_sc_hd__o2bb2a_4)
   0.41   61.24 v _073070_/X (sky130_fd_sc_hd__or3_4)
   0.21   61.45 v _073072_/X (sky130_fd_sc_hd__and3_4)
   0.55   62.00 v _073081_/X (sky130_fd_sc_hd__or4_4)
   0.58   62.58 v _073103_/X (sky130_fd_sc_hd__or4_4)
   0.32   62.90 v _073349_/X (sky130_fd_sc_hd__a211o_2)
   0.22   63.12 v _073350_/X (sky130_fd_sc_hd__a21o_2)
   0.34   63.46 v _073351_/X (sky130_fd_sc_hd__a211o_2)
   0.24   63.70 v _073353_/X (sky130_fd_sc_hd__a21o_2)
   0.39   64.08 v _073359_/X (sky130_fd_sc_hd__a311o_2)
   0.31   64.39 v _073360_/X (sky130_fd_sc_hd__o2bb2a_2)
   0.15   64.53 v _073361_/Y (sky130_fd_sc_hd__xnor2_2)
   0.68   65.22 v _073373_/X (sky130_fd_sc_hd__or4_2)
   0.37   65.59 v _073403_/X (sky130_fd_sc_hd__a211o_2)
   0.50   66.09 v _073500_/X (sky130_fd_sc_hd__a2111o_2)
   0.43   66.52 ^ _073525_/Y (sky130_fd_sc_hd__a31oi_4)
   0.37   66.90 v _073573_/X (sky130_fd_sc_hd__mux2_4)
   0.20   67.09 v _073575_/X (sky130_fd_sc_hd__and2_2)
   0.25   67.34 v _073576_/X (sky130_fd_sc_hd__or2_4)
   0.45   67.79 v _073590_/X (sky130_fd_sc_hd__o311a_2)
   0.40   68.19 v _073628_/X (sky130_fd_sc_hd__o31a_4)
   0.42   68.61 v _073695_/X (sky130_fd_sc_hd__o311a_4)
   0.47   69.08 v _073767_/X (sky130_fd_sc_hd__o311a_2)
   0.41   69.49 v _073793_/X (sky130_fd_sc_hd__or3_4)
   0.10   69.59 ^ _073804_/Y (sky130_fd_sc_hd__nand3_4)
   0.17   69.76 ^ _073805_/X (sky130_fd_sc_hd__buf_12)
   0.39   70.15 v _073837_/X (sky130_fd_sc_hd__mux2_1)
   0.56   70.71 v _073847_/X (sky130_fd_sc_hd__or4b_4)
   0.26   70.97 v _073848_/X (sky130_fd_sc_hd__or2_4)
   0.28   71.25 v _073883_/X (sky130_fd_sc_hd__or2_4)
   0.44   71.68 v _073919_/X (sky130_fd_sc_hd__or3b_4)
   0.43   72.11 v _073927_/X (sky130_fd_sc_hd__or3b_4)
   0.27   72.38 v _073928_/X (sky130_fd_sc_hd__or2_4)
   0.42   72.80 v _073937_/X (sky130_fd_sc_hd__or3_4)
   0.06   72.86 ^ _073938_/Y (sky130_fd_sc_hd__inv_2)
   0.04   72.90 v _073939_/Y (sky130_fd_sc_hd__nand2_2)
   0.34   73.25 v _073943_/X (sky130_fd_sc_hd__a221o_2)
   0.08   73.33 ^ _073945_/Y (sky130_fd_sc_hd__o211ai_2)
   0.21   73.53 ^ _118417_/X (sky130_fd_sc_hd__a41o_2)
   0.10   73.63 v _118447_/Y (sky130_fd_sc_hd__a31oi_2)
   0.36   73.99 v _118449_/X (sky130_fd_sc_hd__a211o_2)
   0.13   74.13 v _118450_/X (sky130_fd_sc_hd__o211a_4)
   0.00   74.13 v _144116_/D (sky130_fd_sc_hd__dfxtp_2)
          74.13   data arrival time

  17.00   17.00   clock clk (rise edge)
   0.00   17.00   clock network delay (ideal)
  -0.25   16.75   clock uncertainty
   0.00   16.75   clock reconvergence pessimism
          16.75 ^ _144116_/CLK (sky130_fd_sc_hd__dfxtp_2)
  -0.08   16.67   library setup time
          16.67   data required time
---------------------------------------------------------
          16.67   data required time
         -74.13   data arrival time
---------------------------------------------------------
         -57.46   slack (VIOLATED)


Startpoint: _144087_ (rising edge-triggered flip-flop clocked by clk)
Endpoint: _144079_ (rising edge-triggered flip-flop clocked by clk)
Path Group: clk
Path Type: max

  Delay    Time   Description
---------------------------------------------------------
   0.00    0.00   clock clk (rise edge)
   0.00    0.00   clock network delay (ideal)
   0.00    0.00 ^ _144087_/CLK (sky130_fd_sc_hd__dfxtp_2)
   0.37    0.37 v _144087_/Q (sky130_fd_sc_hd__dfxtp_2)
   0.14    0.51 v _069097_/X (sky130_fd_sc_hd__buf_8)
   0.40    0.90 v _069282_/X (sky130_fd_sc_hd__or3_4)
   0.15    1.05 v _069283_/X (sky130_fd_sc_hd__buf_6)
   0.52    1.57 v _069343_/X (sky130_fd_sc_hd__or4_4)
   0.53    2.10 v _069347_/X (sky130_fd_sc_hd__or4_4)
   0.37    2.47 ^ _069349_/X (sky130_fd_sc_hd__and4b_4)
   0.48    2.95 v _069350_/X (sky130_fd_sc_hd__or4b_4)
   0.16    3.11 v _069351_/X (sky130_fd_sc_hd__buf_6)
   0.30    3.41 ^ _069372_/Y (sky130_fd_sc_hd__nor3_4)
   0.21    3.62 ^ _069380_/X (sky130_fd_sc_hd__o31a_2)
   0.14    3.76 ^ _069381_/X (sky130_fd_sc_hd__buf_6)
   0.34    4.11 v _069423_/X (sky130_fd_sc_hd__mux2_2)
   0.29    4.40 v _069424_/X (sky130_fd_sc_hd__buf_1)
   0.62    5.02 v _069425_/X (sky130_fd_sc_hd__or4_2)
   0.69    5.71 v _069432_/X (sky130_fd_sc_hd__or4_2)
   0.52    6.23 v _069437_/X (sky130_fd_sc_hd__or4_4)
   0.17    6.40 v _069438_/X (sky130_fd_sc_hd__buf_6)
   0.40    6.80 ^ _069501_/Y (sky130_fd_sc_hd__nor4_4)
   0.22    7.01 v _073949_/Y (sky130_fd_sc_hd__o221ai_2)
   0.28    7.29 v _073964_/X (sky130_fd_sc_hd__o21a_2)
   0.21    7.50 v _073967_/X (sky130_fd_sc_hd__o21a_2)
   0.40    7.90 v _073971_/X (sky130_fd_sc_hd__o31a_2)
   0.27    8.17 ^ _073982_/X (sky130_fd_sc_hd__mux2_2)
   0.14    8.31 ^ _073985_/X (sky130_fd_sc_hd__and2_2)
   0.18    8.48 v _073986_/X (sky130_fd_sc_hd__o21ba_2)
   0.25    8.74 ^ _073993_/Y (sky130_fd_sc_hd__a21oi_4)
   0.52    9.26 v _074009_/X (sky130_fd_sc_hd__or3b_2)
   0.25    9.50 v _074010_/X (sky130_fd_sc_hd__a21o_2)
   0.19    9.69 ^ _074016_/Y (sky130_fd_sc_hd__a21oi_2)
   0.19    9.88 ^ _074018_/X (sky130_fd_sc_hd__o21a_2)
   0.07    9.95 v _074020_/Y (sky130_fd_sc_hd__o21ai_2)
   0.24   10.19 v _074022_/X (sky130_fd_sc_hd__a21o_2)
   0.09   10.28 ^ _074042_/Y (sky130_fd_sc_hd__nand2_4)
   0.39   10.68 v _074054_/X (sky130_fd_sc_hd__mux2_2)
   0.20   10.88 ^ _074055_/Y (sky130_fd_sc_hd__xnor2_2)
   0.21   11.09 ^ _074058_/X (sky130_fd_sc_hd__a21o_2)
   0.09   11.17 v _074060_/Y (sky130_fd_sc_hd__a21oi_2)
   0.18   11.35 ^ _074065_/Y (sky130_fd_sc_hd__o21ai_2)
   0.18   11.53 ^ _074067_/X (sky130_fd_sc_hd__and2_4)
   0.13   11.66 ^ _074068_/X (sky130_fd_sc_hd__buf_6)
   0.38   12.05 v _074088_/X (sky130_fd_sc_hd__mux2_2)
   0.20   12.24 v _074090_/X (sky130_fd_sc_hd__and2_2)
   0.32   12.56 v _074091_/X (sky130_fd_sc_hd__or2_2)
   0.43   13.00 v _074100_/X (sky130_fd_sc_hd__o311a_2)
   0.26   13.25 v _074104_/X (sky130_fd_sc_hd__o21ba_2)
   0.21   13.46 ^ _074111_/Y (sky130_fd_sc_hd__nor2_4)
   0.39   13.85 v _074138_/X (sky130_fd_sc_hd__mux2_2)
   0.22   14.07 v _074139_/X (sky130_fd_sc_hd__and2_2)
   0.34   14.41 v _074148_/X (sky130_fd_sc_hd__or2_2)
   0.29   14.70 v _074149_/X (sky130_fd_sc_hd__a211o_2)
   0.28   14.98 v _074153_/X (sky130_fd_sc_hd__a31o_2)
   0.30   15.28 ^ _074157_/Y (sky130_fd_sc_hd__a21oi_4)
   0.41   15.69 v _074158_/X (sky130_fd_sc_hd__mux2_2)
   0.09   15.77 ^ _074159_/Y (sky130_fd_sc_hd__inv_2)
   0.04   15.81 v _074191_/Y (sky130_fd_sc_hd__nor2_2)
   0.31   16.13 v _074192_/X (sky130_fd_sc_hd__or2_2)
   0.37   16.50 v _074193_/X (sky130_fd_sc_hd__o32a_2)
   0.37   16.87 v _074196_/X (sky130_fd_sc_hd__a211o_2)
   0.30   17.17 v _074203_/X (sky130_fd_sc_hd__a31o_2)
   0.31   17.48 v _074220_/X (sky130_fd_sc_hd__a211o_2)
   0.14   17.62 v _074221_/X (sky130_fd_sc_hd__o211a_2)
   0.52   18.14 v _074226_/X (sky130_fd_sc_hd__or4_4)
   0.46   18.60 v _074250_/X (sky130_fd_sc_hd__o311a_2)
   0.39   18.99 v _074270_/X (sky130_fd_sc_hd__a211o_4)
   0.23   19.21 v _074282_/X (sky130_fd_sc_hd__a21o_2)
   0.49   19.70 v _074355_/X (sky130_fd_sc_hd__or3b_2)
   0.20   19.90 v _074356_/X (sky130_fd_sc_hd__and2_4)
   0.13   20.03 v _074357_/Y (sky130_fd_sc_hd__xnor2_2)
   0.64   20.67 v _074364_/X (sky130_fd_sc_hd__or4_2)
   0.24   20.92 v _074365_/X (sky130_fd_sc_hd__a21o_2)
   0.24   21.15 v _074377_/X (sky130_fd_sc_hd__a21o_2)
   0.41   21.56 v _074379_/X (sky130_fd_sc_hd__or3b_4)
   0.23   21.79 v _074381_/X (sky130_fd_sc_hd__and3_2)
   0.53   22.33 v _074385_/X (sky130_fd_sc_hd__or4_4)
   0.51   22.84 v _074403_/X (sky130_fd_sc_hd__or3_2)
   0.38   23.22 ^ _074453_/Y (sky130_fd_sc_hd__o2111ai_2)
   0.16   23.38 v _074468_/Y (sky130_fd_sc_hd__nand2_2)
   0.56   23.94 v _074545_/X (sky130_fd_sc_hd__or3_2)
   0.25   24.19 v _074547_/X (sky130_fd_sc_hd__and3_2)
   0.32   24.51 v _074548_/X (sky130_fd_sc_hd__or2_2)
   0.45   24.96 v _074549_/X (sky130_fd_sc_hd__or4_4)
   0.29   25.24 v _074550_/X (sky130_fd_sc_hd__a31o_2)
   0.25   25.49 v _074578_/X (sky130_fd_sc_hd__a21o_2)
   0.51   26.01 v _074625_/X (sky130_fd_sc_hd__or3b_2)
   0.24   26.24 v _074627_/X (sky130_fd_sc_hd__and3_2)
   0.61   26.85 v _074628_/X (sky130_fd_sc_hd__or4_2)
   0.34   27.20 v _074642_/X (sky130_fd_sc_hd__or2_2)
   0.37   27.57 ^ _074671_/Y (sky130_fd_sc_hd__a211oi_2)
   0.24   27.80 ^ _074685_/X (sky130_fd_sc_hd__o21a_2)
   0.15   27.96 ^ _074686_/X (sky130_fd_sc_hd__buf_8)
   0.39   28.35 v _074723_/X (sky130_fd_sc_hd__mux2_2)
   0.21   28.56 v _074725_/X (sky130_fd_sc_hd__and2_2)
   0.19   28.75 ^ _074726_/Y (sky130_fd_sc_hd__nor2_2)
   0.20   28.96 v _074745_/Y (sky130_fd_sc_hd__a311oi_2)
   0.41   29.37 v _074762_/X (sky130_fd_sc_hd__o31a_2)
   0.23   29.60 v _074793_/X (sky130_fd_sc_hd__a21o_2)
   0.24   29.83 ^ _074806_/Y (sky130_fd_sc_hd__a21oi_4)
   0.39   30.22 v _074844_/X (sky130_fd_sc_hd__mux2_2)
   0.20   30.43 v _074845_/X (sky130_fd_sc_hd__and2_2)
   0.34   30.76 v _074847_/X (sky130_fd_sc_hd__or2b_2)
   0.49   31.25 v _074854_/X (sky130_fd_sc_hd__or3_2)
   0.61   31.86 ^ _074865_/Y (sky130_fd_sc_hd__o31ai_2)
   0.22   32.08 v _074931_/Y (sky130_fd_sc_hd__a21oi_2)
   0.21   32.28 ^ _074932_/Y (sky130_fd_sc_hd__nor2_4)
   0.18   32.46 ^ _074933_/X (sky130_fd_sc_hd__buf_8)
   0.41   32.87 v _074991_/X (sky130_fd_sc_hd__mux2_2)
   0.17   33.04 v _074992_/Y (sky130_fd_sc_hd__xnor2_2)
   0.74   33.77 v _075009_/X (sky130_fd_sc_hd__or4_2)
   0.42   34.19 v _075029_/X (sky130_fd_sc_hd__a211o_2)
   0.19   34.38 ^ _075043_/Y (sky130_fd_sc_hd__a21oi_4)
   0.18   34.55 ^ _075044_/X (sky130_fd_sc_hd__buf_8)
   0.42   34.97 v _075115_/X (sky130_fd_sc_hd__mux2_2)
   0.15   35.12 v _075116_/Y (sky130_fd_sc_hd__xnor2_2)
   0.52   35.64 v _075128_/X (sky130_fd_sc_hd__or4_4)
   0.28   35.93 v _075129_/X (sky130_fd_sc_hd__a31o_2)
   0.36   36.29 v _075189_/X (sky130_fd_sc_hd__a211o_2)
   0.22   36.51 v _075214_/X (sky130_fd_sc_hd__a21o_2)
   0.15   36.66 v _075215_/X (sky130_fd_sc_hd__buf_8)
   0.53   37.18 v _075332_/X (sky130_fd_sc_hd__or3b_2)
   0.24   37.43 v _075334_/X (sky130_fd_sc_hd__and3_2)
   0.33   37.75 v _075335_/X (sky130_fd_sc_hd__or2_2)
   0.56   38.31 v _075361_/X (sky130_fd_sc_hd__or4_2)
   0.24   38.56 v _075362_/X (sky130_fd_sc_hd__a31o_2)
   0.25   38.80 v _075363_/X (sky130_fd_sc_hd__a21o_2)
   0.40   39.20 v _075364_/X (sky130_fd_sc_hd__a311o_2)
   0.27   39.47 v _075371_/X (sky130_fd_sc_hd__a31o_2)
   0.17   39.64 v _075373_/Y (sky130_fd_sc_hd__xnor2_2)
   0.57   40.21 v _075528_/X (sky130_fd_sc_hd__or4_4)
   0.69   40.90 v _075529_/X (sky130_fd_sc_hd__or4_2)
   0.25   41.15 v _075530_/X (sky130_fd_sc_hd__a21o_2)
   0.25   41.40 ^ _075536_/Y (sky130_fd_sc_hd__a21oi_4)
   0.21   41.61 ^ _075537_/X (sky130_fd_sc_hd__buf_8)
   0.08   41.68 v _075552_/Y (sky130_fd_sc_hd__a21oi_2)
   0.37   42.06 v _075554_/X (sky130_fd_sc_hd__or3_4)
   0.23   42.28 v _075559_/X (sky130_fd_sc_hd__a21o_2)
   0.26   42.54 v _075561_/X (sky130_fd_sc_hd__a21o_2)
   0.40   42.94 v _075568_/X (sky130_fd_sc_hd__a221o_2)
   0.29   43.23 v _075642_/X (sky130_fd_sc_hd__a31o_2)
   0.26   43.49 v _075699_/X (sky130_fd_sc_hd__a21o_4)
   0.23   43.72 v _075766_/X (sky130_fd_sc_hd__a21o_2)
   0.23   43.95 v _075768_/X (sky130_fd_sc_hd__and3_2)
   0.66   44.61 v _075774_/X (sky130_fd_sc_hd__or4_2)
   0.56   45.17 v _075784_/X (sky130_fd_sc_hd__or4_4)
   0.35   45.52 v _075822_/X (sky130_fd_sc_hd__a211o_2)
   0.30   45.82 ^ _075835_/Y (sky130_fd_sc_hd__o2111ai_2)
   0.29   46.11 ^ _075882_/X (sky130_fd_sc_hd__a31o_2)
   0.16   46.27 ^ _075883_/X (sky130_fd_sc_hd__and2_4)
   0.15   46.42 ^ _075884_/X (sky130_fd_sc_hd__buf_6)
   0.17   46.59 ^ _075885_/X (sky130_fd_sc_hd__buf_8)
   0.39   46.98 v _075919_/X (sky130_fd_sc_hd__mux2_2)
   0.09   47.06 ^ _075921_/Y (sky130_fd_sc_hd__nand2_2)
   0.35   47.41 v _075922_/X (sky130_fd_sc_hd__or2b_2)
   0.47   47.88 v _075929_/X (sky130_fd_sc_hd__a2111o_2)
   0.35   48.23 v _075996_/X (sky130_fd_sc_hd__a211o_2)
   0.35   48.59 v _076043_/X (sky130_fd_sc_hd__a211o_2)
   0.46   49.04 ^ _076070_/Y (sky130_fd_sc_hd__a211oi_4)
   0.46   49.50 v _076145_/X (sky130_fd_sc_hd__mux2_2)
   0.20   49.71 ^ _076146_/Y (sky130_fd_sc_hd__xnor2_2)
   0.22   49.93 v _076147_/Y (sky130_fd_sc_hd__bufinv_8)
   0.46   50.39 v _076152_/X (sky130_fd_sc_hd__or3_2)
   0.51   50.90 ^ _076159_/Y (sky130_fd_sc_hd__o31ai_2)
   0.23   51.13 v _076255_/Y (sky130_fd_sc_hd__nand4_2)
   0.44   51.57 ^ _076263_/Y (sky130_fd_sc_hd__a21oi_4)
   0.38   51.95 v _076325_/X (sky130_fd_sc_hd__mux2_4)
   0.20   52.15 v _076327_/X (sky130_fd_sc_hd__and2_2)
   0.26   52.40 v _076328_/X (sky130_fd_sc_hd__or2_4)
   0.68   53.08 v _076344_/X (sky130_fd_sc_hd__or4_2)
   0.38   53.46 v _076345_/X (sky130_fd_sc_hd__or3_4)
   0.35   53.81 v _076404_/X (sky130_fd_sc_hd__a211o_2)
   0.22   54.04 v _076460_/X (sky130_fd_sc_hd__a21o_2)
   0.26   54.30 ^ _076466_/Y (sky130_fd_sc_hd__a21oi_4)
   0.45   54.74 v _076497_/X (sky130_fd_sc_hd__mux2_2)
   0.18   54.93 v _076498_/Y (sky130_fd_sc_hd__xnor2_2)
   0.26   55.18 v _076499_/X (sky130_fd_sc_hd__and4b_2)
   0.42   55.60 v _076506_/X (sky130_fd_sc_hd__a221o_2)
   0.27   55.87 v _076537_/X (sky130_fd_sc_hd__a41o_2)
   0.26   56.14 v _076605_/X (sky130_fd_sc_hd__a31o_2)
   0.41   56.54 v _076669_/X (sky130_fd_sc_hd__a311o_2)
   0.26   56.80 v _076767_/X (sky130_fd_sc_hd__a21o_2)
   0.22   57.03 v _076769_/X (sky130_fd_sc_hd__and3_2)
   0.66   57.69 v _076775_/X (sky130_fd_sc_hd__or4_2)
   0.36   58.05 v _076776_/X (sky130_fd_sc_hd__a2111o_2)
   0.37   58.41 v _076791_/X (sky130_fd_sc_hd__a311o_2)
   0.39   58.81 v _076844_/X (sky130_fd_sc_hd__a211o_2)
   0.39   59.20 ^ _076877_/Y (sky130_fd_sc_hd__a211oi_2)
   0.21   59.40 v _076884_/Y (sky130_fd_sc_hd__o21ai_4)
   0.26   59.66 v _077041_/X (sky130_fd_sc_hd__a31o_2)
   0.23   59.89 v _077042_/X (sky130_fd_sc_hd__o22a_2)
   0.16   60.05 v _077043_/Y (sky130_fd_sc_hd__xnor2_2)
   0.32   60.36 v _077049_/X (sky130_fd_sc_hd__or2_2)
   0.40   60.76 v _077060_/X (sky130_fd_sc_hd__or3_4)
   0.34   61.11 v _077100_/X (sky130_fd_sc_hd__o221a_2)
   0.34   61.44 v _077111_/X (sky130_fd_sc_hd__o221a_2)
   0.28   61.72 v _077115_/X (sky130_fd_sc_hd__a21o_4)
   0.22   61.94 v _077231_/X (sky130_fd_sc_hd__a31o_2)
   0.29   62.23 v _077232_/X (sky130_fd_sc_hd__o2bb2a_2)
   0.16   62.39 v _077233_/Y (sky130_fd_sc_hd__xnor2_2)
   0.30   62.69 v _077258_/X (sky130_fd_sc_hd__or2_2)
   0.43   63.13 v _077264_/X (sky130_fd_sc_hd__o311a_2)
   0.29   63.42 v _077273_/X (sky130_fd_sc_hd__o2111a_2)
   0.38   63.80 v _077323_/X (sky130_fd_sc_hd__a211o_2)
   0.43   64.23 ^ _077340_/Y (sky130_fd_sc_hd__a21oi_4)
   0.37   64.60 v _077520_/X (sky130_fd_sc_hd__mux2_4)
   0.22   64.82 v _077521_/X (sky130_fd_sc_hd__and2_2)
   0.22   65.04 v _077540_/X (sky130_fd_sc_hd__a21bo_2)
   0.24   65.27 v _077541_/X (sky130_fd_sc_hd__a41o_2)
   0.41   65.69 v _077549_/X (sky130_fd_sc_hd__a221o_2)
   0.40   66.08 v _077560_/X (sky130_fd_sc_hd__a221o_2)
   0.28   66.36 v _077561_/X (sky130_fd_sc_hd__a31o_2)
   0.18   66.54 v _077570_/X (sky130_fd_sc_hd__and2_4)
   0.15   66.69 v _077571_/X (sky130_fd_sc_hd__buf_6)
   0.35   67.04 v _077762_/X (sky130_fd_sc_hd__mux2_4)
   0.29   67.33 v _077772_/X (sky130_fd_sc_hd__a22o_2)
   0.16   67.49 v _077773_/X (sky130_fd_sc_hd__and2b_4)
   0.40   67.90 v _077776_/X (sky130_fd_sc_hd__a311o_2)
   0.41   68.31 v _077782_/X (sky130_fd_sc_hd__a311o_2)
   0.25   68.56 v _077783_/X (sky130_fd_sc_hd__a31o_4)
   0.23   68.79 v _077904_/X (sky130_fd_sc_hd__a31o_2)
   0.23   69.02 v _077905_/X (sky130_fd_sc_hd__a21o_2)
   0.24   69.26 v _077907_/X (sky130_fd_sc_hd__o211a_2)
   0.24   69.49 v _077908_/X (sky130_fd_sc_hd__a22o_2)
   0.27   69.77 v _077915_/X (sky130_fd_sc_hd__a22o_2)
   0.69   70.46 v _077924_/X (sky130_fd_sc_hd__or4_2)
   0.68   71.14 v _077976_/X (sky130_fd_sc_hd__or4_2)
   0.23   71.37 v _077977_/X (sky130_fd_sc_hd__a21o_2)
   0.17   71.54 v _077988_/X (sky130_fd_sc_hd__and4_4)
   0.14   71.68 v _077989_/X (sky130_fd_sc_hd__buf_6)
   0.19   71.86 v _077999_/X (sky130_fd_sc_hd__and4_2)
   0.14   72.01 v _078000_/X (sky130_fd_sc_hd__buf_6)
   0.19   72.19 v _085992_/X (sky130_fd_sc_hd__a21o_2)
   0.38   72.57 v _085994_/X (sky130_fd_sc_hd__a311o_2)
   0.34   72.91 v _086001_/X (sky130_fd_sc_hd__a221o_2)
   0.22   73.13 v _086021_/X (sky130_fd_sc_hd__a21bo_2)
   0.14   73.27 v _086022_/X (sky130_fd_sc_hd__buf_4)
   0.28   73.55 v _117002_/X (sky130_fd_sc_hd__mux2_4)
   0.35   73.90 v _117004_/X (sky130_fd_sc_hd__a211o_2)
   0.13   74.03 v _117005_/X (sky130_fd_sc_hd__o211a_4)
   0.00   74.03 v _144079_/D (sky130_fd_sc_hd__dfxtp_2)
          74.03   data arrival time

  17.00   17.00   clock clk (rise edge)
   0.00   17.00   clock network delay (ideal)
  -0.25   16.75   clock uncertainty
   0.00   16.75   clock reconvergence pessimism
          16.75 ^ _144079_/CLK (sky130_fd_sc_hd__dfxtp_2)
  -0.08   16.67   library setup time
          16.67   data required time
---------------------------------------------------------
          16.67   data required time
         -74.03   data arrival time
---------------------------------------------------------
         -57.36   slack (VIOLATED)


Startpoint: _144087_ (rising edge-triggered flip-flop clocked by clk)
Endpoint: _144080_ (rising edge-triggered flip-flop clocked by clk)
Path Group: clk
Path Type: max

  Delay    Time   Description
---------------------------------------------------------
   0.00    0.00   clock clk (rise edge)
   0.00    0.00   clock network delay (ideal)
   0.00    0.00 ^ _144087_/CLK (sky130_fd_sc_hd__dfxtp_2)
   0.37    0.37 v _144087_/Q (sky130_fd_sc_hd__dfxtp_2)
   0.14    0.51 v _069097_/X (sky130_fd_sc_hd__buf_8)
   0.40    0.90 v _069282_/X (sky130_fd_sc_hd__or3_4)
   0.15    1.05 v _069283_/X (sky130_fd_sc_hd__buf_6)
   0.52    1.57 v _069343_/X (sky130_fd_sc_hd__or4_4)
   0.53    2.10 v _069347_/X (sky130_fd_sc_hd__or4_4)
   0.37    2.47 ^ _069349_/X (sky130_fd_sc_hd__and4b_4)
   0.48    2.95 v _069350_/X (sky130_fd_sc_hd__or4b_4)
   0.16    3.11 v _069351_/X (sky130_fd_sc_hd__buf_6)
   0.30    3.41 ^ _069372_/Y (sky130_fd_sc_hd__nor3_4)
   0.21    3.62 ^ _069380_/X (sky130_fd_sc_hd__o31a_2)
   0.14    3.76 ^ _069381_/X (sky130_fd_sc_hd__buf_6)
   0.34    4.11 v _069423_/X (sky130_fd_sc_hd__mux2_2)
   0.29    4.40 v _069424_/X (sky130_fd_sc_hd__buf_1)
   0.62    5.02 v _069425_/X (sky130_fd_sc_hd__or4_2)
   0.69    5.71 v _069432_/X (sky130_fd_sc_hd__or4_2)
   0.52    6.23 v _069437_/X (sky130_fd_sc_hd__or4_4)
   0.17    6.40 v _069438_/X (sky130_fd_sc_hd__buf_6)
   0.41    6.81 v _069505_/X (sky130_fd_sc_hd__or3_4)
   0.48    7.29 v _069522_/X (sky130_fd_sc_hd__o41a_4)
   0.23    7.52 ^ _069662_/Y (sky130_fd_sc_hd__a41oi_2)
   0.26    7.78 ^ _069663_/X (sky130_fd_sc_hd__o221a_2)
   0.05    7.83 v _069666_/Y (sky130_fd_sc_hd__nor2_2)
   0.20    8.04 v _069678_/X (sky130_fd_sc_hd__o21a_2)
   0.50    8.54 v _069683_/X (sky130_fd_sc_hd__a2111o_2)
   0.21    8.75 ^ _069684_/Y (sky130_fd_sc_hd__a21oi_4)
   0.22    8.97 ^ _069694_/X (sky130_fd_sc_hd__mux2_4)
   0.11    9.08 ^ _069708_/X (sky130_fd_sc_hd__or2_4)
   0.23    9.31 v _069709_/X (sky130_fd_sc_hd__a21bo_4)
   0.24    9.55 v _069715_/X (sky130_fd_sc_hd__a21o_4)
   0.31    9.86 v _069727_/X (sky130_fd_sc_hd__a211o_2)
   0.36   10.22 v _069729_/X (sky130_fd_sc_hd__a221o_2)
   0.27   10.49 v _069734_/X (sky130_fd_sc_hd__a32o_2)
   0.26   10.75 v _069753_/X (sky130_fd_sc_hd__a31o_2)
   0.34   11.09 ^ _069760_/Y (sky130_fd_sc_hd__a221oi_4)
   0.09   11.18 v _069761_/Y (sky130_fd_sc_hd__nor2_4)
   0.36   11.53 v _069784_/X (sky130_fd_sc_hd__mux2_4)
   0.22   11.75 ^ _069785_/Y (sky130_fd_sc_hd__xnor2_2)
   0.07   11.82 v _069786_/Y (sky130_fd_sc_hd__nand2_2)
   0.29   12.11 v _069790_/X (sky130_fd_sc_hd__o211a_2)
   0.41   12.52 v _069800_/X (sky130_fd_sc_hd__o311a_4)
   0.14   12.65 ^ _069801_/Y (sky130_fd_sc_hd__nor2_4)
   0.40   13.06 v _069802_/X (sky130_fd_sc_hd__mux2_2)
   0.24   13.30 ^ _069803_/Y (sky130_fd_sc_hd__xnor2_2)
   0.27   13.57 v _069815_/X (sky130_fd_sc_hd__and4bb_2)
   0.53   14.09 v _069856_/X (sky130_fd_sc_hd__a2111o_2)
   0.12   14.21 ^ _069902_/Y (sky130_fd_sc_hd__nand2_4)
   0.40   14.62 v _069911_/X (sky130_fd_sc_hd__mux2_2)
   0.18   14.80 v _069912_/Y (sky130_fd_sc_hd__xnor2_2)
   0.26   15.06 v _069917_/X (sky130_fd_sc_hd__and4_2)
   0.38   15.43 v _069926_/X (sky130_fd_sc_hd__a211o_4)
   0.13   15.57 ^ _069927_/Y (sky130_fd_sc_hd__nand2_4)
   0.37   15.93 v _069947_/X (sky130_fd_sc_hd__mux2_4)
   0.16   16.10 v _069948_/Y (sky130_fd_sc_hd__xnor2_2)
   0.40   16.49 v _069957_/X (sky130_fd_sc_hd__o32a_4)
   0.25   16.75 v _069987_/X (sky130_fd_sc_hd__o21a_2)
   0.41   17.15 v _069998_/X (sky130_fd_sc_hd__o31a_2)
   0.56   17.72 v _070012_/X (sky130_fd_sc_hd__or4_4)
   0.21   17.93 v _070014_/X (sky130_fd_sc_hd__and3_4)
   0.16   18.09 v _070034_/Y (sky130_fd_sc_hd__nand4b_4)
   0.51   18.61 v _070047_/X (sky130_fd_sc_hd__a2111o_2)
   0.56   19.17 v _070069_/X (sky130_fd_sc_hd__a2111o_2)
   0.28   19.45 ^ _070076_/Y (sky130_fd_sc_hd__a21oi_4)
   0.38   19.83 v _070090_/X (sky130_fd_sc_hd__mux2_4)
   0.17   20.00 v _070091_/Y (sky130_fd_sc_hd__xnor2_2)
   0.43   20.44 v _070098_/X (sky130_fd_sc_hd__or3_4)
   0.52   20.96 v _070159_/X (sky130_fd_sc_hd__or4_4)
   0.22   21.18 v _070165_/X (sky130_fd_sc_hd__o2111a_4)
   0.17   21.35 ^ _070166_/Y (sky130_fd_sc_hd__nor2_8)
   0.44   21.79 v _070235_/X (sky130_fd_sc_hd__or3b_4)
   0.24   22.02 v _070237_/X (sky130_fd_sc_hd__and3_2)
   0.24   22.26 v _070238_/X (sky130_fd_sc_hd__or2_4)
   0.31   22.57 v _070246_/X (sky130_fd_sc_hd__or2_2)
   0.53   23.11 v _070257_/X (sky130_fd_sc_hd__a2111o_2)
   0.38   23.49 ^ _070283_/Y (sky130_fd_sc_hd__a21oi_4)
   0.40   23.88 v _070370_/X (sky130_fd_sc_hd__mux2_4)
   0.17   24.05 v _070371_/Y (sky130_fd_sc_hd__xnor2_2)
   0.44   24.49 v _070372_/X (sky130_fd_sc_hd__or4_4)
   0.57   25.06 v _070376_/X (sky130_fd_sc_hd__or4b_4)
   0.36   25.42 v _070397_/X (sky130_fd_sc_hd__a211o_2)
   0.25   25.67 ^ _070398_/Y (sky130_fd_sc_hd__a21oi_4)
   0.18   25.85 ^ _070399_/X (sky130_fd_sc_hd__buf_8)
   0.47   26.32 v _070446_/X (sky130_fd_sc_hd__or3b_2)
   0.13   26.45 ^ _070447_/Y (sky130_fd_sc_hd__o21ai_2)
   0.20   26.65 ^ _070448_/Y (sky130_fd_sc_hd__xnor2_2)
   0.28   26.94 ^ _070463_/X (sky130_fd_sc_hd__and4_4)
   0.17   27.11 ^ _070469_/X (sky130_fd_sc_hd__a211o_4)
   0.13   27.24 v _070506_/Y (sky130_fd_sc_hd__a41oi_4)
   0.71   27.95 v _070516_/X (sky130_fd_sc_hd__or4b_2)
   0.29   28.23 v _070520_/X (sky130_fd_sc_hd__a31o_2)
   0.38   28.61 v _070522_/X (sky130_fd_sc_hd__a211o_2)
   0.39   29.00 v _070528_/X (sky130_fd_sc_hd__a211o_2)
   0.32   29.32 ^ _070552_/Y (sky130_fd_sc_hd__o211ai_4)
   0.31   29.63 ^ _070617_/X (sky130_fd_sc_hd__a41o_2)
   0.19   29.82 ^ _070619_/X (sky130_fd_sc_hd__a31o_2)
   0.06   29.88 v _070620_/X (sky130_fd_sc_hd__xor2_2)
   0.31   30.19 v _070623_/X (sky130_fd_sc_hd__mux2_4)
   0.17   30.36 v _070624_/Y (sky130_fd_sc_hd__xnor2_2)
   0.56   30.92 v _070634_/X (sky130_fd_sc_hd__or4b_4)
   0.37   31.29 v _070737_/X (sky130_fd_sc_hd__o31a_4)
   0.30   31.59 ^ _070738_/Y (sky130_fd_sc_hd__a21oi_4)
   0.21   31.80 ^ _070739_/X (sky130_fd_sc_hd__buf_8)
   0.36   32.16 v _070789_/X (sky130_fd_sc_hd__mux2_1)
   0.23   32.39 v _070790_/X (sky130_fd_sc_hd__and2_2)
   0.48   32.87 v _070796_/X (sky130_fd_sc_hd__or3b_2)
   0.37   33.24 v _070811_/X (sky130_fd_sc_hd__a211o_2)
   0.25   33.49 v _070865_/X (sky130_fd_sc_hd__a21o_2)
   0.33   33.82 ^ _070881_/Y (sky130_fd_sc_hd__a21oi_4)
   0.45   34.27 v _070917_/X (sky130_fd_sc_hd__mux2_2)
   0.17   34.44 v _070918_/Y (sky130_fd_sc_hd__xnor2_2)
   0.57   35.01 v _070963_/X (sky130_fd_sc_hd__or4_4)
   0.50   35.51 v _070964_/X (sky130_fd_sc_hd__a2111o_2)
   0.21   35.72 v _070972_/X (sky130_fd_sc_hd__and3_4)
   0.41   36.13 v _071039_/X (sky130_fd_sc_hd__o311a_4)
   0.16   36.29 v _071040_/X (sky130_fd_sc_hd__buf_8)
   0.70   36.99 v _071115_/X (sky130_fd_sc_hd__or4_2)
   0.18   37.17 v _071116_/X (sky130_fd_sc_hd__o21a_4)
   0.15   37.32 v _071117_/Y (sky130_fd_sc_hd__xnor2_2)
   0.57   37.89 v _071136_/X (sky130_fd_sc_hd__or4b_4)
   0.40   38.28 v _071137_/X (sky130_fd_sc_hd__a2111o_4)
   0.23   38.51 v _071207_/X (sky130_fd_sc_hd__a21o_2)
   0.16   38.67 ^ _071224_/Y (sky130_fd_sc_hd__a21oi_4)
   0.16   38.83 ^ _071225_/X (sky130_fd_sc_hd__buf_12)
   0.41   39.24 v _071312_/X (sky130_fd_sc_hd__or3b_4)
   0.19   39.43 v _071314_/X (sky130_fd_sc_hd__and3_4)
   0.33   39.77 v _071315_/X (sky130_fd_sc_hd__or2_2)
   0.36   40.13 ^ _071323_/Y (sky130_fd_sc_hd__o41ai_2)
   0.15   40.27 v _071329_/Y (sky130_fd_sc_hd__a211oi_2)
   0.40   40.67 v _071380_/X (sky130_fd_sc_hd__a211o_2)
   0.26   40.93 v _071393_/X (sky130_fd_sc_hd__a21o_4)
   0.09   41.02 ^ _071394_/Y (sky130_fd_sc_hd__nor2_4)
   0.22   41.24 ^ _071395_/X (sky130_fd_sc_hd__buf_4)
   0.34   41.59 v _071413_/X (sky130_fd_sc_hd__mux2_4)
   0.18   41.76 v _071414_/X (sky130_fd_sc_hd__and2_4)
   0.39   42.16 v _071442_/X (sky130_fd_sc_hd__o311a_2)
   0.47   42.63 v _071444_/X (sky130_fd_sc_hd__a221o_2)
   0.29   42.91 v _071691_/X (sky130_fd_sc_hd__a31o_4)
   0.26   43.17 v _071721_/X (sky130_fd_sc_hd__a21o_2)
   0.22   43.39 v _071732_/X (sky130_fd_sc_hd__a21o_2)
   0.50   43.89 v _071737_/X (sky130_fd_sc_hd__a2111o_2)
   0.20   44.09 v _071738_/X (sky130_fd_sc_hd__and3_4)
   0.37   44.46 v _071740_/X (sky130_fd_sc_hd__or3_4)
   0.34   44.81 v _071741_/X (sky130_fd_sc_hd__or3_4)
   0.38   45.19 v _071742_/X (sky130_fd_sc_hd__a311o_2)
   0.33   45.52 ^ _071754_/Y (sky130_fd_sc_hd__a21oi_4)
   0.44   45.96 v _071913_/X (sky130_fd_sc_hd__mux2_2)
   0.35   46.31 v _071919_/X (sky130_fd_sc_hd__or2_2)
   0.50   46.81 v _071921_/X (sky130_fd_sc_hd__a2111o_2)
   0.44   47.25 v _071926_/X (sky130_fd_sc_hd__a2111o_2)
   0.37   47.62 v _071934_/X (sky130_fd_sc_hd__a311o_2)
   0.23   47.85 ^ _071947_/Y (sky130_fd_sc_hd__a31oi_4)
   0.42   48.28 v _072059_/X (sky130_fd_sc_hd__or3b_4)
   0.25   48.53 v _072060_/X (sky130_fd_sc_hd__and3_2)
   0.40   48.93 v _072068_/X (sky130_fd_sc_hd__or3b_4)
   0.43   49.36 v _072069_/X (sky130_fd_sc_hd__or4_4)
   0.39   49.75 v _072070_/X (sky130_fd_sc_hd__a2111o_2)
   0.18   49.93 v _072084_/X (sky130_fd_sc_hd__and3_4)
   0.45   50.38 v _072154_/X (sky130_fd_sc_hd__o311a_4)
   0.52   50.91 v _072159_/X (sky130_fd_sc_hd__or4b_4)
   0.26   51.16 v _072167_/X (sky130_fd_sc_hd__a31o_2)
   0.36   51.52 v _072174_/X (sky130_fd_sc_hd__a211o_2)
   0.57   52.09 v _072198_/X (sky130_fd_sc_hd__or4_4)
   0.36   52.45 v _072227_/X (sky130_fd_sc_hd__a211o_2)
   0.35   52.80 v _072298_/X (sky130_fd_sc_hd__a211o_2)
   0.37   53.16 v _072369_/X (sky130_fd_sc_hd__a211o_2)
   0.26   53.43 v _072395_/X (sky130_fd_sc_hd__a21o_4)
   0.51   53.93 v _072412_/X (sky130_fd_sc_hd__or3_2)
   0.13   54.06 ^ _072413_/Y (sky130_fd_sc_hd__o21ai_2)
   0.19   54.25 ^ _072414_/Y (sky130_fd_sc_hd__xnor2_2)
   0.44   54.69 v _072415_/X (sky130_fd_sc_hd__or3b_4)
   0.55   55.24 v _072444_/X (sky130_fd_sc_hd__or4bb_4)
   0.41   55.65 v _072599_/X (sky130_fd_sc_hd__o311a_4)
   0.33   55.98 ^ _072603_/Y (sky130_fd_sc_hd__a21oi_4)
   0.26   56.24 ^ _072610_/X (sky130_fd_sc_hd__and2_4)
   0.17   56.41 ^ _072611_/X (sky130_fd_sc_hd__buf_8)
   0.36   56.77 v _072786_/X (sky130_fd_sc_hd__mux2_4)
   0.25   57.02 v _072807_/X (sky130_fd_sc_hd__o211a_2)
   0.38   57.40 v _072809_/X (sky130_fd_sc_hd__a311o_2)
   0.35   57.75 v _072819_/X (sky130_fd_sc_hd__a211o_2)
   0.24   57.98 v _072820_/X (sky130_fd_sc_hd__and3_2)
   0.42   58.41 ^ _072834_/Y (sky130_fd_sc_hd__a211oi_4)
   0.33   58.74 v _072873_/X (sky130_fd_sc_hd__and4bb_2)
   0.35   59.09 v _072881_/X (sky130_fd_sc_hd__or3_4)
   0.26   59.35 ^ _072882_/X (sky130_fd_sc_hd__a21bo_2)
   0.09   59.44 v _072884_/Y (sky130_fd_sc_hd__a21oi_4)
   0.21   59.65 ^ _072897_/Y (sky130_fd_sc_hd__o21ai_2)
   0.25   59.91 ^ _072964_/X (sky130_fd_sc_hd__a311o_2)
   0.11   60.02 v _072990_/Y (sky130_fd_sc_hd__nand3b_2)
   0.50   60.53 v _073030_/X (sky130_fd_sc_hd__a2111o_2)
   0.31   60.84 v _073068_/X (sky130_fd_sc_hd__o2bb2a_4)
   0.41   61.24 v _073070_/X (sky130_fd_sc_hd__or3_4)
   0.21   61.45 v _073072_/X (sky130_fd_sc_hd__and3_4)
   0.55   62.00 v _073081_/X (sky130_fd_sc_hd__or4_4)
   0.58   62.58 v _073103_/X (sky130_fd_sc_hd__or4_4)
   0.32   62.90 v _073349_/X (sky130_fd_sc_hd__a211o_2)
   0.22   63.12 v _073350_/X (sky130_fd_sc_hd__a21o_2)
   0.34   63.46 v _073351_/X (sky130_fd_sc_hd__a211o_2)
   0.24   63.70 v _073353_/X (sky130_fd_sc_hd__a21o_2)
   0.39   64.08 v _073359_/X (sky130_fd_sc_hd__a311o_2)
   0.31   64.39 v _073360_/X (sky130_fd_sc_hd__o2bb2a_2)
   0.15   64.53 v _073361_/Y (sky130_fd_sc_hd__xnor2_2)
   0.68   65.22 v _073373_/X (sky130_fd_sc_hd__or4_2)
   0.37   65.59 v _073403_/X (sky130_fd_sc_hd__a211o_2)
   0.50   66.09 v _073500_/X (sky130_fd_sc_hd__a2111o_2)
   0.43   66.52 ^ _073525_/Y (sky130_fd_sc_hd__a31oi_4)
   0.37   66.90 v _073573_/X (sky130_fd_sc_hd__mux2_4)
   0.20   67.09 v _073575_/X (sky130_fd_sc_hd__and2_2)
   0.25   67.34 v _073576_/X (sky130_fd_sc_hd__or2_4)
   0.45   67.79 v _073590_/X (sky130_fd_sc_hd__o311a_2)
   0.40   68.19 v _073628_/X (sky130_fd_sc_hd__o31a_4)
   0.42   68.61 v _073695_/X (sky130_fd_sc_hd__o311a_4)
   0.47   69.08 v _073767_/X (sky130_fd_sc_hd__o311a_2)
   0.41   69.49 v _073793_/X (sky130_fd_sc_hd__or3_4)
   0.10   69.59 ^ _073804_/Y (sky130_fd_sc_hd__nand3_4)
   0.17   69.76 ^ _073805_/X (sky130_fd_sc_hd__buf_12)
   0.39   70.15 v _073837_/X (sky130_fd_sc_hd__mux2_1)
   0.56   70.71 v _073847_/X (sky130_fd_sc_hd__or4b_4)
   0.26   70.97 v _073848_/X (sky130_fd_sc_hd__or2_4)
   0.28   71.25 v _073883_/X (sky130_fd_sc_hd__or2_4)
   0.44   71.68 v _073919_/X (sky130_fd_sc_hd__or3b_4)
   0.43   72.11 v _073927_/X (sky130_fd_sc_hd__or3b_4)
   0.09   72.20 ^ _085945_/Y (sky130_fd_sc_hd__nand2_2)
   0.10   72.29 ^ _085947_/X (sky130_fd_sc_hd__or2_2)
   0.20   72.49 v _085948_/X (sky130_fd_sc_hd__o2bb2a_2)
   0.39   72.88 v _085961_/X (sky130_fd_sc_hd__a221o_2)
   0.27   73.15 v _085988_/X (sky130_fd_sc_hd__a32o_2)
   0.14   73.29 v _085989_/X (sky130_fd_sc_hd__buf_4)
   0.27   73.56 v _117040_/X (sky130_fd_sc_hd__mux2_2)
   0.34   73.90 v _117042_/X (sky130_fd_sc_hd__a211o_2)
   0.11   74.01 v _117043_/X (sky130_fd_sc_hd__o211a_2)
   0.00   74.01 v _144080_/D (sky130_fd_sc_hd__dfxtp_2)
          74.01   data arrival time

  17.00   17.00   clock clk (rise edge)
   0.00   17.00   clock network delay (ideal)
  -0.25   16.75   clock uncertainty
   0.00   16.75   clock reconvergence pessimism
          16.75 ^ _144080_/CLK (sky130_fd_sc_hd__dfxtp_2)
  -0.09   16.66   library setup time
          16.66   data required time
---------------------------------------------------------
          16.66   data required time
         -74.01   data arrival time
---------------------------------------------------------
         -57.35   slack (VIOLATED)


Startpoint: _144087_ (rising edge-triggered flip-flop clocked by clk)
Endpoint: _144084_ (rising edge-triggered flip-flop clocked by clk)
Path Group: clk
Path Type: max

  Delay    Time   Description
---------------------------------------------------------
   0.00    0.00   clock clk (rise edge)
   0.00    0.00   clock network delay (ideal)
   0.00    0.00 ^ _144087_/CLK (sky130_fd_sc_hd__dfxtp_2)
   0.37    0.37 v _144087_/Q (sky130_fd_sc_hd__dfxtp_2)
   0.14    0.51 v _069097_/X (sky130_fd_sc_hd__buf_8)
   0.40    0.90 v _069282_/X (sky130_fd_sc_hd__or3_4)
   0.15    1.05 v _069283_/X (sky130_fd_sc_hd__buf_6)
   0.52    1.57 v _069343_/X (sky130_fd_sc_hd__or4_4)
   0.53    2.10 v _069347_/X (sky130_fd_sc_hd__or4_4)
   0.37    2.47 ^ _069349_/X (sky130_fd_sc_hd__and4b_4)
   0.48    2.95 v _069350_/X (sky130_fd_sc_hd__or4b_4)
   0.16    3.11 v _069351_/X (sky130_fd_sc_hd__buf_6)
   0.30    3.41 ^ _069372_/Y (sky130_fd_sc_hd__nor3_4)
   0.21    3.62 ^ _069380_/X (sky130_fd_sc_hd__o31a_2)
   0.14    3.76 ^ _069381_/X (sky130_fd_sc_hd__buf_6)
   0.34    4.11 v _069423_/X (sky130_fd_sc_hd__mux2_2)
   0.29    4.40 v _069424_/X (sky130_fd_sc_hd__buf_1)
   0.62    5.02 v _069425_/X (sky130_fd_sc_hd__or4_2)
   0.69    5.71 v _069432_/X (sky130_fd_sc_hd__or4_2)
   0.52    6.23 v _069437_/X (sky130_fd_sc_hd__or4_4)
   0.17    6.40 v _069438_/X (sky130_fd_sc_hd__buf_6)
   0.41    6.81 v _069505_/X (sky130_fd_sc_hd__or3_4)
   0.48    7.29 v _069522_/X (sky130_fd_sc_hd__o41a_4)
   0.23    7.52 ^ _069662_/Y (sky130_fd_sc_hd__a41oi_2)
   0.26    7.78 ^ _069663_/X (sky130_fd_sc_hd__o221a_2)
   0.05    7.83 v _069666_/Y (sky130_fd_sc_hd__nor2_2)
   0.20    8.04 v _069678_/X (sky130_fd_sc_hd__o21a_2)
   0.50    8.54 v _069683_/X (sky130_fd_sc_hd__a2111o_2)
   0.21    8.75 ^ _069684_/Y (sky130_fd_sc_hd__a21oi_4)
   0.22    8.97 ^ _069694_/X (sky130_fd_sc_hd__mux2_4)
   0.11    9.08 ^ _069708_/X (sky130_fd_sc_hd__or2_4)
   0.23    9.31 v _069709_/X (sky130_fd_sc_hd__a21bo_4)
   0.24    9.55 v _069715_/X (sky130_fd_sc_hd__a21o_4)
   0.31    9.86 v _069727_/X (sky130_fd_sc_hd__a211o_2)
   0.36   10.22 v _069729_/X (sky130_fd_sc_hd__a221o_2)
   0.27   10.49 v _069734_/X (sky130_fd_sc_hd__a32o_2)
   0.26   10.75 v _069753_/X (sky130_fd_sc_hd__a31o_2)
   0.34   11.09 ^ _069760_/Y (sky130_fd_sc_hd__a221oi_4)
   0.09   11.18 v _069761_/Y (sky130_fd_sc_hd__nor2_4)
   0.36   11.53 v _069784_/X (sky130_fd_sc_hd__mux2_4)
   0.22   11.75 ^ _069785_/Y (sky130_fd_sc_hd__xnor2_2)
   0.07   11.82 v _069786_/Y (sky130_fd_sc_hd__nand2_2)
   0.29   12.11 v _069790_/X (sky130_fd_sc_hd__o211a_2)
   0.41   12.52 v _069800_/X (sky130_fd_sc_hd__o311a_4)
   0.14   12.65 ^ _069801_/Y (sky130_fd_sc_hd__nor2_4)
   0.40   13.06 v _069802_/X (sky130_fd_sc_hd__mux2_2)
   0.24   13.30 ^ _069803_/Y (sky130_fd_sc_hd__xnor2_2)
   0.27   13.57 v _069815_/X (sky130_fd_sc_hd__and4bb_2)
   0.53   14.09 v _069856_/X (sky130_fd_sc_hd__a2111o_2)
   0.12   14.21 ^ _069902_/Y (sky130_fd_sc_hd__nand2_4)
   0.40   14.62 v _069911_/X (sky130_fd_sc_hd__mux2_2)
   0.18   14.80 v _069912_/Y (sky130_fd_sc_hd__xnor2_2)
   0.26   15.06 v _069917_/X (sky130_fd_sc_hd__and4_2)
   0.38   15.43 v _069926_/X (sky130_fd_sc_hd__a211o_4)
   0.13   15.57 ^ _069927_/Y (sky130_fd_sc_hd__nand2_4)
   0.37   15.93 v _069947_/X (sky130_fd_sc_hd__mux2_4)
   0.16   16.10 v _069948_/Y (sky130_fd_sc_hd__xnor2_2)
   0.40   16.49 v _069957_/X (sky130_fd_sc_hd__o32a_4)
   0.25   16.75 v _069987_/X (sky130_fd_sc_hd__o21a_2)
   0.41   17.15 v _069998_/X (sky130_fd_sc_hd__o31a_2)
   0.56   17.72 v _070012_/X (sky130_fd_sc_hd__or4_4)
   0.21   17.93 v _070014_/X (sky130_fd_sc_hd__and3_4)
   0.16   18.09 v _070034_/Y (sky130_fd_sc_hd__nand4b_4)
   0.51   18.61 v _070047_/X (sky130_fd_sc_hd__a2111o_2)
   0.56   19.17 v _070069_/X (sky130_fd_sc_hd__a2111o_2)
   0.28   19.45 ^ _070076_/Y (sky130_fd_sc_hd__a21oi_4)
   0.38   19.83 v _070090_/X (sky130_fd_sc_hd__mux2_4)
   0.17   20.00 v _070091_/Y (sky130_fd_sc_hd__xnor2_2)
   0.43   20.44 v _070098_/X (sky130_fd_sc_hd__or3_4)
   0.52   20.96 v _070159_/X (sky130_fd_sc_hd__or4_4)
   0.22   21.18 v _070165_/X (sky130_fd_sc_hd__o2111a_4)
   0.17   21.35 ^ _070166_/Y (sky130_fd_sc_hd__nor2_8)
   0.44   21.79 v _070235_/X (sky130_fd_sc_hd__or3b_4)
   0.24   22.02 v _070237_/X (sky130_fd_sc_hd__and3_2)
   0.24   22.26 v _070238_/X (sky130_fd_sc_hd__or2_4)
   0.31   22.57 v _070246_/X (sky130_fd_sc_hd__or2_2)
   0.53   23.11 v _070257_/X (sky130_fd_sc_hd__a2111o_2)
   0.38   23.49 ^ _070283_/Y (sky130_fd_sc_hd__a21oi_4)
   0.40   23.88 v _070370_/X (sky130_fd_sc_hd__mux2_4)
   0.17   24.05 v _070371_/Y (sky130_fd_sc_hd__xnor2_2)
   0.44   24.49 v _070372_/X (sky130_fd_sc_hd__or4_4)
   0.57   25.06 v _070376_/X (sky130_fd_sc_hd__or4b_4)
   0.36   25.42 v _070397_/X (sky130_fd_sc_hd__a211o_2)
   0.25   25.67 ^ _070398_/Y (sky130_fd_sc_hd__a21oi_4)
   0.18   25.85 ^ _070399_/X (sky130_fd_sc_hd__buf_8)
   0.47   26.32 v _070446_/X (sky130_fd_sc_hd__or3b_2)
   0.13   26.45 ^ _070447_/Y (sky130_fd_sc_hd__o21ai_2)
   0.20   26.65 ^ _070448_/Y (sky130_fd_sc_hd__xnor2_2)
   0.28   26.94 ^ _070463_/X (sky130_fd_sc_hd__and4_4)
   0.17   27.11 ^ _070469_/X (sky130_fd_sc_hd__a211o_4)
   0.13   27.24 v _070506_/Y (sky130_fd_sc_hd__a41oi_4)
   0.71   27.95 v _070516_/X (sky130_fd_sc_hd__or4b_2)
   0.29   28.23 v _070520_/X (sky130_fd_sc_hd__a31o_2)
   0.38   28.61 v _070522_/X (sky130_fd_sc_hd__a211o_2)
   0.39   29.00 v _070528_/X (sky130_fd_sc_hd__a211o_2)
   0.32   29.32 ^ _070552_/Y (sky130_fd_sc_hd__o211ai_4)
   0.31   29.63 ^ _070617_/X (sky130_fd_sc_hd__a41o_2)
   0.19   29.82 ^ _070619_/X (sky130_fd_sc_hd__a31o_2)
   0.06   29.88 v _070620_/X (sky130_fd_sc_hd__xor2_2)
   0.31   30.19 v _070623_/X (sky130_fd_sc_hd__mux2_4)
   0.17   30.36 v _070624_/Y (sky130_fd_sc_hd__xnor2_2)
   0.56   30.92 v _070634_/X (sky130_fd_sc_hd__or4b_4)
   0.37   31.29 v _070737_/X (sky130_fd_sc_hd__o31a_4)
   0.30   31.59 ^ _070738_/Y (sky130_fd_sc_hd__a21oi_4)
   0.21   31.80 ^ _070739_/X (sky130_fd_sc_hd__buf_8)
   0.36   32.16 v _070789_/X (sky130_fd_sc_hd__mux2_1)
   0.23   32.39 v _070790_/X (sky130_fd_sc_hd__and2_2)
   0.48   32.87 v _070796_/X (sky130_fd_sc_hd__or3b_2)
   0.37   33.24 v _070811_/X (sky130_fd_sc_hd__a211o_2)
   0.25   33.49 v _070865_/X (sky130_fd_sc_hd__a21o_2)
   0.33   33.82 ^ _070881_/Y (sky130_fd_sc_hd__a21oi_4)
   0.45   34.27 v _070917_/X (sky130_fd_sc_hd__mux2_2)
   0.17   34.44 v _070918_/Y (sky130_fd_sc_hd__xnor2_2)
   0.57   35.01 v _070963_/X (sky130_fd_sc_hd__or4_4)
   0.50   35.51 v _070964_/X (sky130_fd_sc_hd__a2111o_2)
   0.21   35.72 v _070972_/X (sky130_fd_sc_hd__and3_4)
   0.41   36.13 v _071039_/X (sky130_fd_sc_hd__o311a_4)
   0.16   36.29 v _071040_/X (sky130_fd_sc_hd__buf_8)
   0.70   36.99 v _071115_/X (sky130_fd_sc_hd__or4_2)
   0.18   37.17 v _071116_/X (sky130_fd_sc_hd__o21a_4)
   0.15   37.32 v _071117_/Y (sky130_fd_sc_hd__xnor2_2)
   0.57   37.89 v _071136_/X (sky130_fd_sc_hd__or4b_4)
   0.40   38.28 v _071137_/X (sky130_fd_sc_hd__a2111o_4)
   0.23   38.51 v _071207_/X (sky130_fd_sc_hd__a21o_2)
   0.16   38.67 ^ _071224_/Y (sky130_fd_sc_hd__a21oi_4)
   0.16   38.83 ^ _071225_/X (sky130_fd_sc_hd__buf_12)
   0.41   39.24 v _071312_/X (sky130_fd_sc_hd__or3b_4)
   0.19   39.43 v _071314_/X (sky130_fd_sc_hd__and3_4)
   0.33   39.77 v _071315_/X (sky130_fd_sc_hd__or2_2)
   0.36   40.13 ^ _071323_/Y (sky130_fd_sc_hd__o41ai_2)
   0.15   40.27 v _071329_/Y (sky130_fd_sc_hd__a211oi_2)
   0.40   40.67 v _071380_/X (sky130_fd_sc_hd__a211o_2)
   0.26   40.93 v _071393_/X (sky130_fd_sc_hd__a21o_4)
   0.09   41.02 ^ _071394_/Y (sky130_fd_sc_hd__nor2_4)
   0.22   41.24 ^ _071395_/X (sky130_fd_sc_hd__buf_4)
   0.34   41.59 v _071413_/X (sky130_fd_sc_hd__mux2_4)
   0.18   41.76 v _071414_/X (sky130_fd_sc_hd__and2_4)
   0.39   42.16 v _071442_/X (sky130_fd_sc_hd__o311a_2)
   0.47   42.63 v _071444_/X (sky130_fd_sc_hd__a221o_2)
   0.29   42.91 v _071691_/X (sky130_fd_sc_hd__a31o_4)
   0.26   43.17 v _071721_/X (sky130_fd_sc_hd__a21o_2)
   0.22   43.39 v _071732_/X (sky130_fd_sc_hd__a21o_2)
   0.50   43.89 v _071737_/X (sky130_fd_sc_hd__a2111o_2)
   0.20   44.09 v _071738_/X (sky130_fd_sc_hd__and3_4)
   0.37   44.46 v _071740_/X (sky130_fd_sc_hd__or3_4)
   0.34   44.81 v _071741_/X (sky130_fd_sc_hd__or3_4)
   0.38   45.19 v _071742_/X (sky130_fd_sc_hd__a311o_2)
   0.33   45.52 ^ _071754_/Y (sky130_fd_sc_hd__a21oi_4)
   0.44   45.96 v _071913_/X (sky130_fd_sc_hd__mux2_2)
   0.35   46.31 v _071919_/X (sky130_fd_sc_hd__or2_2)
   0.50   46.81 v _071921_/X (sky130_fd_sc_hd__a2111o_2)
   0.44   47.25 v _071926_/X (sky130_fd_sc_hd__a2111o_2)
   0.37   47.62 v _071934_/X (sky130_fd_sc_hd__a311o_2)
   0.23   47.85 ^ _071947_/Y (sky130_fd_sc_hd__a31oi_4)
   0.42   48.28 v _072059_/X (sky130_fd_sc_hd__or3b_4)
   0.25   48.53 v _072060_/X (sky130_fd_sc_hd__and3_2)
   0.40   48.93 v _072068_/X (sky130_fd_sc_hd__or3b_4)
   0.43   49.36 v _072069_/X (sky130_fd_sc_hd__or4_4)
   0.39   49.75 v _072070_/X (sky130_fd_sc_hd__a2111o_2)
   0.18   49.93 v _072084_/X (sky130_fd_sc_hd__and3_4)
   0.45   50.38 v _072154_/X (sky130_fd_sc_hd__o311a_4)
   0.52   50.91 v _072159_/X (sky130_fd_sc_hd__or4b_4)
   0.26   51.16 v _072167_/X (sky130_fd_sc_hd__a31o_2)
   0.36   51.52 v _072174_/X (sky130_fd_sc_hd__a211o_2)
   0.57   52.09 v _072198_/X (sky130_fd_sc_hd__or4_4)
   0.36   52.45 v _072227_/X (sky130_fd_sc_hd__a211o_2)
   0.35   52.80 v _072298_/X (sky130_fd_sc_hd__a211o_2)
   0.37   53.16 v _072369_/X (sky130_fd_sc_hd__a211o_2)
   0.26   53.43 v _072395_/X (sky130_fd_sc_hd__a21o_4)
   0.51   53.93 v _072412_/X (sky130_fd_sc_hd__or3_2)
   0.13   54.06 ^ _072413_/Y (sky130_fd_sc_hd__o21ai_2)
   0.19   54.25 ^ _072414_/Y (sky130_fd_sc_hd__xnor2_2)
   0.44   54.69 v _072415_/X (sky130_fd_sc_hd__or3b_4)
   0.55   55.24 v _072444_/X (sky130_fd_sc_hd__or4bb_4)
   0.41   55.65 v _072599_/X (sky130_fd_sc_hd__o311a_4)
   0.33   55.98 ^ _072603_/Y (sky130_fd_sc_hd__a21oi_4)
   0.26   56.24 ^ _072610_/X (sky130_fd_sc_hd__and2_4)
   0.17   56.41 ^ _072611_/X (sky130_fd_sc_hd__buf_8)
   0.36   56.77 v _072786_/X (sky130_fd_sc_hd__mux2_4)
   0.25   57.02 v _072807_/X (sky130_fd_sc_hd__o211a_2)
   0.38   57.40 v _072809_/X (sky130_fd_sc_hd__a311o_2)
   0.35   57.75 v _072819_/X (sky130_fd_sc_hd__a211o_2)
   0.24   57.98 v _072820_/X (sky130_fd_sc_hd__and3_2)
   0.42   58.41 ^ _072834_/Y (sky130_fd_sc_hd__a211oi_4)
   0.33   58.74 v _072873_/X (sky130_fd_sc_hd__and4bb_2)
   0.35   59.09 v _072881_/X (sky130_fd_sc_hd__or3_4)
   0.26   59.35 ^ _072882_/X (sky130_fd_sc_hd__a21bo_2)
   0.09   59.44 v _072884_/Y (sky130_fd_sc_hd__a21oi_4)
   0.21   59.65 ^ _072897_/Y (sky130_fd_sc_hd__o21ai_2)
   0.25   59.91 ^ _072964_/X (sky130_fd_sc_hd__a311o_2)
   0.11   60.02 v _072990_/Y (sky130_fd_sc_hd__nand3b_2)
   0.50   60.53 v _073030_/X (sky130_fd_sc_hd__a2111o_2)
   0.31   60.84 v _073068_/X (sky130_fd_sc_hd__o2bb2a_4)
   0.41   61.24 v _073070_/X (sky130_fd_sc_hd__or3_4)
   0.21   61.45 v _073072_/X (sky130_fd_sc_hd__and3_4)
   0.55   62.00 v _073081_/X (sky130_fd_sc_hd__or4_4)
   0.58   62.58 v _073103_/X (sky130_fd_sc_hd__or4_4)
   0.32   62.90 v _073349_/X (sky130_fd_sc_hd__a211o_2)
   0.22   63.12 v _073350_/X (sky130_fd_sc_hd__a21o_2)
   0.34   63.46 v _073351_/X (sky130_fd_sc_hd__a211o_2)
   0.24   63.70 v _073353_/X (sky130_fd_sc_hd__a21o_2)
   0.39   64.08 v _073359_/X (sky130_fd_sc_hd__a311o_2)
   0.31   64.39 v _073360_/X (sky130_fd_sc_hd__o2bb2a_2)
   0.15   64.53 v _073361_/Y (sky130_fd_sc_hd__xnor2_2)
   0.68   65.22 v _073373_/X (sky130_fd_sc_hd__or4_2)
   0.37   65.59 v _073403_/X (sky130_fd_sc_hd__a211o_2)
   0.50   66.09 v _073500_/X (sky130_fd_sc_hd__a2111o_2)
   0.43   66.52 ^ _073525_/Y (sky130_fd_sc_hd__a31oi_4)
   0.37   66.90 v _073573_/X (sky130_fd_sc_hd__mux2_4)
   0.20   67.09 v _073575_/X (sky130_fd_sc_hd__and2_2)
   0.25   67.34 v _073576_/X (sky130_fd_sc_hd__or2_4)
   0.45   67.79 v _073590_/X (sky130_fd_sc_hd__o311a_2)
   0.40   68.19 v _073628_/X (sky130_fd_sc_hd__o31a_4)
   0.42   68.61 v _073695_/X (sky130_fd_sc_hd__o311a_4)
   0.47   69.08 v _073767_/X (sky130_fd_sc_hd__o311a_2)
   0.41   69.49 v _073793_/X (sky130_fd_sc_hd__or3_4)
   0.10   69.59 ^ _073804_/Y (sky130_fd_sc_hd__nand3_4)
   0.17   69.76 ^ _073805_/X (sky130_fd_sc_hd__buf_12)
   0.39   70.15 v _073837_/X (sky130_fd_sc_hd__mux2_1)
   0.56   70.71 v _073847_/X (sky130_fd_sc_hd__or4b_4)
   0.26   70.97 v _073848_/X (sky130_fd_sc_hd__or2_4)
   0.28   71.25 v _073883_/X (sky130_fd_sc_hd__or2_4)
   0.44   71.68 v _073919_/X (sky130_fd_sc_hd__or3b_4)
   0.43   72.11 v _073927_/X (sky130_fd_sc_hd__or3b_4)
   0.27   72.38 v _073928_/X (sky130_fd_sc_hd__or2_4)
   0.42   72.80 v _073937_/X (sky130_fd_sc_hd__or3_4)
   0.06   72.86 ^ _073938_/Y (sky130_fd_sc_hd__inv_2)
   0.04   72.90 v _073939_/Y (sky130_fd_sc_hd__nand2_2)
   0.34   73.25 v _073943_/X (sky130_fd_sc_hd__a221o_2)
   0.08   73.33 ^ _073945_/Y (sky130_fd_sc_hd__o211ai_2)
   0.22   73.54 ^ _085790_/X (sky130_fd_sc_hd__a41o_2)
   0.15   73.69 ^ _117200_/X (sky130_fd_sc_hd__a21o_2)
   0.05   73.75 v _117201_/Y (sky130_fd_sc_hd__a21oi_2)
   0.24   73.99 v _117203_/X (sky130_fd_sc_hd__o221a_2)
   0.00   73.99 v _144084_/D (sky130_fd_sc_hd__dfxtp_2)
          73.99   data arrival time

  17.00   17.00   clock clk (rise edge)
   0.00   17.00   clock network delay (ideal)
  -0.25   16.75   clock uncertainty
   0.00   16.75   clock reconvergence pessimism
          16.75 ^ _144084_/CLK (sky130_fd_sc_hd__dfxtp_2)
  -0.09   16.66   library setup time
          16.66   data required time
---------------------------------------------------------
          16.66   data required time
         -73.99   data arrival time
---------------------------------------------------------
         -57.33   slack (VIOLATED)


Startpoint: _144087_ (rising edge-triggered flip-flop clocked by clk)
Endpoint: _144067_ (rising edge-triggered flip-flop clocked by clk)
Path Group: clk
Path Type: max

  Delay    Time   Description
---------------------------------------------------------
   0.00    0.00   clock clk (rise edge)
   0.00    0.00   clock network delay (ideal)
   0.00    0.00 ^ _144087_/CLK (sky130_fd_sc_hd__dfxtp_2)
   0.37    0.37 v _144087_/Q (sky130_fd_sc_hd__dfxtp_2)
   0.14    0.51 v _069097_/X (sky130_fd_sc_hd__buf_8)
   0.40    0.90 v _069282_/X (sky130_fd_sc_hd__or3_4)
   0.15    1.05 v _069283_/X (sky130_fd_sc_hd__buf_6)
   0.52    1.57 v _069343_/X (sky130_fd_sc_hd__or4_4)
   0.53    2.10 v _069347_/X (sky130_fd_sc_hd__or4_4)
   0.37    2.47 ^ _069349_/X (sky130_fd_sc_hd__and4b_4)
   0.48    2.95 v _069350_/X (sky130_fd_sc_hd__or4b_4)
   0.16    3.11 v _069351_/X (sky130_fd_sc_hd__buf_6)
   0.30    3.41 ^ _069372_/Y (sky130_fd_sc_hd__nor3_4)
   0.21    3.62 ^ _069380_/X (sky130_fd_sc_hd__o31a_2)
   0.14    3.76 ^ _069381_/X (sky130_fd_sc_hd__buf_6)
   0.34    4.11 v _069423_/X (sky130_fd_sc_hd__mux2_2)
   0.29    4.40 v _069424_/X (sky130_fd_sc_hd__buf_1)
   0.62    5.02 v _069425_/X (sky130_fd_sc_hd__or4_2)
   0.69    5.71 v _069432_/X (sky130_fd_sc_hd__or4_2)
   0.52    6.23 v _069437_/X (sky130_fd_sc_hd__or4_4)
   0.17    6.40 v _069438_/X (sky130_fd_sc_hd__buf_6)
   0.41    6.81 v _069505_/X (sky130_fd_sc_hd__or3_4)
   0.48    7.29 v _069522_/X (sky130_fd_sc_hd__o41a_4)
   0.23    7.52 ^ _069662_/Y (sky130_fd_sc_hd__a41oi_2)
   0.26    7.78 ^ _069663_/X (sky130_fd_sc_hd__o221a_2)
   0.05    7.83 v _069666_/Y (sky130_fd_sc_hd__nor2_2)
   0.20    8.04 v _069678_/X (sky130_fd_sc_hd__o21a_2)
   0.50    8.54 v _069683_/X (sky130_fd_sc_hd__a2111o_2)
   0.21    8.75 ^ _069684_/Y (sky130_fd_sc_hd__a21oi_4)
   0.22    8.97 ^ _069694_/X (sky130_fd_sc_hd__mux2_4)
   0.11    9.08 ^ _069708_/X (sky130_fd_sc_hd__or2_4)
   0.23    9.31 v _069709_/X (sky130_fd_sc_hd__a21bo_4)
   0.24    9.55 v _069715_/X (sky130_fd_sc_hd__a21o_4)
   0.31    9.86 v _069727_/X (sky130_fd_sc_hd__a211o_2)
   0.36   10.22 v _069729_/X (sky130_fd_sc_hd__a221o_2)
   0.27   10.49 v _069734_/X (sky130_fd_sc_hd__a32o_2)
   0.26   10.75 v _069753_/X (sky130_fd_sc_hd__a31o_2)
   0.34   11.09 ^ _069760_/Y (sky130_fd_sc_hd__a221oi_4)
   0.09   11.18 v _069761_/Y (sky130_fd_sc_hd__nor2_4)
   0.36   11.53 v _069784_/X (sky130_fd_sc_hd__mux2_4)
   0.22   11.75 ^ _069785_/Y (sky130_fd_sc_hd__xnor2_2)
   0.07   11.82 v _069786_/Y (sky130_fd_sc_hd__nand2_2)
   0.29   12.11 v _069790_/X (sky130_fd_sc_hd__o211a_2)
   0.41   12.52 v _069800_/X (sky130_fd_sc_hd__o311a_4)
   0.14   12.65 ^ _069801_/Y (sky130_fd_sc_hd__nor2_4)
   0.40   13.06 v _069802_/X (sky130_fd_sc_hd__mux2_2)
   0.24   13.30 ^ _069803_/Y (sky130_fd_sc_hd__xnor2_2)
   0.27   13.57 v _069815_/X (sky130_fd_sc_hd__and4bb_2)
   0.53   14.09 v _069856_/X (sky130_fd_sc_hd__a2111o_2)
   0.12   14.21 ^ _069902_/Y (sky130_fd_sc_hd__nand2_4)
   0.40   14.62 v _069911_/X (sky130_fd_sc_hd__mux2_2)
   0.18   14.80 v _069912_/Y (sky130_fd_sc_hd__xnor2_2)
   0.26   15.06 v _069917_/X (sky130_fd_sc_hd__and4_2)
   0.38   15.43 v _069926_/X (sky130_fd_sc_hd__a211o_4)
   0.13   15.57 ^ _069927_/Y (sky130_fd_sc_hd__nand2_4)
   0.37   15.93 v _069947_/X (sky130_fd_sc_hd__mux2_4)
   0.16   16.10 v _069948_/Y (sky130_fd_sc_hd__xnor2_2)
   0.40   16.49 v _069957_/X (sky130_fd_sc_hd__o32a_4)
   0.25   16.75 v _069987_/X (sky130_fd_sc_hd__o21a_2)
   0.41   17.15 v _069998_/X (sky130_fd_sc_hd__o31a_2)
   0.56   17.72 v _070012_/X (sky130_fd_sc_hd__or4_4)
   0.21   17.93 v _070014_/X (sky130_fd_sc_hd__and3_4)
   0.16   18.09 v _070034_/Y (sky130_fd_sc_hd__nand4b_4)
   0.51   18.61 v _070047_/X (sky130_fd_sc_hd__a2111o_2)
   0.56   19.17 v _070069_/X (sky130_fd_sc_hd__a2111o_2)
   0.28   19.45 ^ _070076_/Y (sky130_fd_sc_hd__a21oi_4)
   0.38   19.83 v _070090_/X (sky130_fd_sc_hd__mux2_4)
   0.17   20.00 v _070091_/Y (sky130_fd_sc_hd__xnor2_2)
   0.43   20.44 v _070098_/X (sky130_fd_sc_hd__or3_4)
   0.52   20.96 v _070159_/X (sky130_fd_sc_hd__or4_4)
   0.22   21.18 v _070165_/X (sky130_fd_sc_hd__o2111a_4)
   0.17   21.35 ^ _070166_/Y (sky130_fd_sc_hd__nor2_8)
   0.44   21.79 v _070235_/X (sky130_fd_sc_hd__or3b_4)
   0.24   22.02 v _070237_/X (sky130_fd_sc_hd__and3_2)
   0.24   22.26 v _070238_/X (sky130_fd_sc_hd__or2_4)
   0.31   22.57 v _070246_/X (sky130_fd_sc_hd__or2_2)
   0.53   23.11 v _070257_/X (sky130_fd_sc_hd__a2111o_2)
   0.38   23.49 ^ _070283_/Y (sky130_fd_sc_hd__a21oi_4)
   0.40   23.88 v _070370_/X (sky130_fd_sc_hd__mux2_4)
   0.17   24.05 v _070371_/Y (sky130_fd_sc_hd__xnor2_2)
   0.44   24.49 v _070372_/X (sky130_fd_sc_hd__or4_4)
   0.57   25.06 v _070376_/X (sky130_fd_sc_hd__or4b_4)
   0.36   25.42 v _070397_/X (sky130_fd_sc_hd__a211o_2)
   0.25   25.67 ^ _070398_/Y (sky130_fd_sc_hd__a21oi_4)
   0.18   25.85 ^ _070399_/X (sky130_fd_sc_hd__buf_8)
   0.47   26.32 v _070446_/X (sky130_fd_sc_hd__or3b_2)
   0.13   26.45 ^ _070447_/Y (sky130_fd_sc_hd__o21ai_2)
   0.20   26.65 ^ _070448_/Y (sky130_fd_sc_hd__xnor2_2)
   0.28   26.94 ^ _070463_/X (sky130_fd_sc_hd__and4_4)
   0.17   27.11 ^ _070469_/X (sky130_fd_sc_hd__a211o_4)
   0.13   27.24 v _070506_/Y (sky130_fd_sc_hd__a41oi_4)
   0.71   27.95 v _070516_/X (sky130_fd_sc_hd__or4b_2)
   0.29   28.23 v _070520_/X (sky130_fd_sc_hd__a31o_2)
   0.38   28.61 v _070522_/X (sky130_fd_sc_hd__a211o_2)
   0.39   29.00 v _070528_/X (sky130_fd_sc_hd__a211o_2)
   0.32   29.32 ^ _070552_/Y (sky130_fd_sc_hd__o211ai_4)
   0.31   29.63 ^ _070617_/X (sky130_fd_sc_hd__a41o_2)
   0.19   29.82 ^ _070619_/X (sky130_fd_sc_hd__a31o_2)
   0.06   29.88 v _070620_/X (sky130_fd_sc_hd__xor2_2)
   0.31   30.19 v _070623_/X (sky130_fd_sc_hd__mux2_4)
   0.17   30.36 v _070624_/Y (sky130_fd_sc_hd__xnor2_2)
   0.56   30.92 v _070634_/X (sky130_fd_sc_hd__or4b_4)
   0.37   31.29 v _070737_/X (sky130_fd_sc_hd__o31a_4)
   0.30   31.59 ^ _070738_/Y (sky130_fd_sc_hd__a21oi_4)
   0.21   31.80 ^ _070739_/X (sky130_fd_sc_hd__buf_8)
   0.36   32.16 v _070789_/X (sky130_fd_sc_hd__mux2_1)
   0.23   32.39 v _070790_/X (sky130_fd_sc_hd__and2_2)
   0.48   32.87 v _070796_/X (sky130_fd_sc_hd__or3b_2)
   0.37   33.24 v _070811_/X (sky130_fd_sc_hd__a211o_2)
   0.25   33.49 v _070865_/X (sky130_fd_sc_hd__a21o_2)
   0.33   33.82 ^ _070881_/Y (sky130_fd_sc_hd__a21oi_4)
   0.45   34.27 v _070917_/X (sky130_fd_sc_hd__mux2_2)
   0.17   34.44 v _070918_/Y (sky130_fd_sc_hd__xnor2_2)
   0.57   35.01 v _070963_/X (sky130_fd_sc_hd__or4_4)
   0.50   35.51 v _070964_/X (sky130_fd_sc_hd__a2111o_2)
   0.21   35.72 v _070972_/X (sky130_fd_sc_hd__and3_4)
   0.41   36.13 v _071039_/X (sky130_fd_sc_hd__o311a_4)
   0.16   36.29 v _071040_/X (sky130_fd_sc_hd__buf_8)
   0.70   36.99 v _071115_/X (sky130_fd_sc_hd__or4_2)
   0.18   37.17 v _071116_/X (sky130_fd_sc_hd__o21a_4)
   0.15   37.32 v _071117_/Y (sky130_fd_sc_hd__xnor2_2)
   0.57   37.89 v _071136_/X (sky130_fd_sc_hd__or4b_4)
   0.40   38.28 v _071137_/X (sky130_fd_sc_hd__a2111o_4)
   0.23   38.51 v _071207_/X (sky130_fd_sc_hd__a21o_2)
   0.16   38.67 ^ _071224_/Y (sky130_fd_sc_hd__a21oi_4)
   0.16   38.83 ^ _071225_/X (sky130_fd_sc_hd__buf_12)
   0.41   39.24 v _071312_/X (sky130_fd_sc_hd__or3b_4)
   0.19   39.43 v _071314_/X (sky130_fd_sc_hd__and3_4)
   0.33   39.77 v _071315_/X (sky130_fd_sc_hd__or2_2)
   0.36   40.13 ^ _071323_/Y (sky130_fd_sc_hd__o41ai_2)
   0.15   40.27 v _071329_/Y (sky130_fd_sc_hd__a211oi_2)
   0.40   40.67 v _071380_/X (sky130_fd_sc_hd__a211o_2)
   0.26   40.93 v _071393_/X (sky130_fd_sc_hd__a21o_4)
   0.09   41.02 ^ _071394_/Y (sky130_fd_sc_hd__nor2_4)
   0.22   41.24 ^ _071395_/X (sky130_fd_sc_hd__buf_4)
   0.34   41.59 v _071413_/X (sky130_fd_sc_hd__mux2_4)
   0.18   41.76 v _071414_/X (sky130_fd_sc_hd__and2_4)
   0.39   42.16 v _071442_/X (sky130_fd_sc_hd__o311a_2)
   0.47   42.63 v _071444_/X (sky130_fd_sc_hd__a221o_2)
   0.29   42.91 v _071691_/X (sky130_fd_sc_hd__a31o_4)
   0.26   43.17 v _071721_/X (sky130_fd_sc_hd__a21o_2)
   0.22   43.39 v _071732_/X (sky130_fd_sc_hd__a21o_2)
   0.50   43.89 v _071737_/X (sky130_fd_sc_hd__a2111o_2)
   0.20   44.09 v _071738_/X (sky130_fd_sc_hd__and3_4)
   0.37   44.46 v _071740_/X (sky130_fd_sc_hd__or3_4)
   0.34   44.81 v _071741_/X (sky130_fd_sc_hd__or3_4)
   0.38   45.19 v _071742_/X (sky130_fd_sc_hd__a311o_2)
   0.33   45.52 ^ _071754_/Y (sky130_fd_sc_hd__a21oi_4)
   0.44   45.96 v _071913_/X (sky130_fd_sc_hd__mux2_2)
   0.35   46.31 v _071919_/X (sky130_fd_sc_hd__or2_2)
   0.50   46.81 v _071921_/X (sky130_fd_sc_hd__a2111o_2)
   0.44   47.25 v _071926_/X (sky130_fd_sc_hd__a2111o_2)
   0.37   47.62 v _071934_/X (sky130_fd_sc_hd__a311o_2)
   0.23   47.85 ^ _071947_/Y (sky130_fd_sc_hd__a31oi_4)
   0.42   48.28 v _072059_/X (sky130_fd_sc_hd__or3b_4)
   0.25   48.53 v _072060_/X (sky130_fd_sc_hd__and3_2)
   0.40   48.93 v _072068_/X (sky130_fd_sc_hd__or3b_4)
   0.43   49.36 v _072069_/X (sky130_fd_sc_hd__or4_4)
   0.39   49.75 v _072070_/X (sky130_fd_sc_hd__a2111o_2)
   0.18   49.93 v _072084_/X (sky130_fd_sc_hd__and3_4)
   0.45   50.38 v _072154_/X (sky130_fd_sc_hd__o311a_4)
   0.52   50.91 v _072159_/X (sky130_fd_sc_hd__or4b_4)
   0.26   51.16 v _072167_/X (sky130_fd_sc_hd__a31o_2)
   0.36   51.52 v _072174_/X (sky130_fd_sc_hd__a211o_2)
   0.57   52.09 v _072198_/X (sky130_fd_sc_hd__or4_4)
   0.36   52.45 v _072227_/X (sky130_fd_sc_hd__a211o_2)
   0.35   52.80 v _072298_/X (sky130_fd_sc_hd__a211o_2)
   0.37   53.16 v _072369_/X (sky130_fd_sc_hd__a211o_2)
   0.26   53.43 v _072395_/X (sky130_fd_sc_hd__a21o_4)
   0.51   53.93 v _072412_/X (sky130_fd_sc_hd__or3_2)
   0.13   54.06 ^ _072413_/Y (sky130_fd_sc_hd__o21ai_2)
   0.19   54.25 ^ _072414_/Y (sky130_fd_sc_hd__xnor2_2)
   0.44   54.69 v _072415_/X (sky130_fd_sc_hd__or3b_4)
   0.55   55.24 v _072444_/X (sky130_fd_sc_hd__or4bb_4)
   0.41   55.65 v _072599_/X (sky130_fd_sc_hd__o311a_4)
   0.33   55.98 ^ _072603_/Y (sky130_fd_sc_hd__a21oi_4)
   0.26   56.24 ^ _072610_/X (sky130_fd_sc_hd__and2_4)
   0.17   56.41 ^ _072611_/X (sky130_fd_sc_hd__buf_8)
   0.36   56.77 v _072786_/X (sky130_fd_sc_hd__mux2_4)
   0.25   57.02 v _072807_/X (sky130_fd_sc_hd__o211a_2)
   0.38   57.40 v _072809_/X (sky130_fd_sc_hd__a311o_2)
   0.35   57.75 v _072819_/X (sky130_fd_sc_hd__a211o_2)
   0.24   57.98 v _072820_/X (sky130_fd_sc_hd__and3_2)
   0.42   58.41 ^ _072834_/Y (sky130_fd_sc_hd__a211oi_4)
   0.33   58.74 v _072873_/X (sky130_fd_sc_hd__and4bb_2)
   0.35   59.09 v _072881_/X (sky130_fd_sc_hd__or3_4)
   0.26   59.35 ^ _072882_/X (sky130_fd_sc_hd__a21bo_2)
   0.09   59.44 v _072884_/Y (sky130_fd_sc_hd__a21oi_4)
   0.21   59.65 ^ _072897_/Y (sky130_fd_sc_hd__o21ai_2)
   0.25   59.91 ^ _072964_/X (sky130_fd_sc_hd__a311o_2)
   0.11   60.02 v _072990_/Y (sky130_fd_sc_hd__nand3b_2)
   0.50   60.53 v _073030_/X (sky130_fd_sc_hd__a2111o_2)
   0.31   60.84 v _073068_/X (sky130_fd_sc_hd__o2bb2a_4)
   0.41   61.24 v _073070_/X (sky130_fd_sc_hd__or3_4)
   0.21   61.45 v _073072_/X (sky130_fd_sc_hd__and3_4)
   0.55   62.00 v _073081_/X (sky130_fd_sc_hd__or4_4)
   0.58   62.58 v _073103_/X (sky130_fd_sc_hd__or4_4)
   0.32   62.90 v _073349_/X (sky130_fd_sc_hd__a211o_2)
   0.22   63.12 v _073350_/X (sky130_fd_sc_hd__a21o_2)
   0.34   63.46 v _073351_/X (sky130_fd_sc_hd__a211o_2)
   0.24   63.70 v _073353_/X (sky130_fd_sc_hd__a21o_2)
   0.39   64.08 v _073359_/X (sky130_fd_sc_hd__a311o_2)
   0.31   64.39 v _073360_/X (sky130_fd_sc_hd__o2bb2a_2)
   0.15   64.53 v _073361_/Y (sky130_fd_sc_hd__xnor2_2)
   0.68   65.22 v _073373_/X (sky130_fd_sc_hd__or4_2)
   0.37   65.59 v _073403_/X (sky130_fd_sc_hd__a211o_2)
   0.50   66.09 v _073500_/X (sky130_fd_sc_hd__a2111o_2)
   0.43   66.52 ^ _073525_/Y (sky130_fd_sc_hd__a31oi_4)
   0.37   66.90 v _073573_/X (sky130_fd_sc_hd__mux2_4)
   0.20   67.09 v _073575_/X (sky130_fd_sc_hd__and2_2)
   0.25   67.34 v _073576_/X (sky130_fd_sc_hd__or2_4)
   0.45   67.79 v _073590_/X (sky130_fd_sc_hd__o311a_2)
   0.40   68.19 v _073628_/X (sky130_fd_sc_hd__o31a_4)
   0.42   68.61 v _073695_/X (sky130_fd_sc_hd__o311a_4)
   0.47   69.08 v _073767_/X (sky130_fd_sc_hd__o311a_2)
   0.41   69.49 v _073793_/X (sky130_fd_sc_hd__or3_4)
   0.10   69.59 ^ _073804_/Y (sky130_fd_sc_hd__nand3_4)
   0.17   69.76 ^ _073805_/X (sky130_fd_sc_hd__buf_12)
   0.39   70.15 v _073837_/X (sky130_fd_sc_hd__mux2_1)
   0.56   70.71 v _073847_/X (sky130_fd_sc_hd__or4b_4)
   0.26   70.97 v _073848_/X (sky130_fd_sc_hd__or2_4)
   0.32   71.29 v _086379_/X (sky130_fd_sc_hd__or2_2)
   0.32   71.61 v _086380_/X (sky130_fd_sc_hd__or2_2)
   0.07   71.68 ^ _086381_/Y (sky130_fd_sc_hd__inv_2)
   0.24   71.92 ^ _086382_/X (sky130_fd_sc_hd__and3_2)
   0.07   71.99 v _086404_/Y (sky130_fd_sc_hd__nand2_2)
   0.20   72.19 v _086406_/X (sky130_fd_sc_hd__and3_2)
   0.27   72.46 v _086407_/X (sky130_fd_sc_hd__or2_2)
   0.39   72.85 v _086418_/X (sky130_fd_sc_hd__a221o_2)
   0.28   73.13 v _086431_/X (sky130_fd_sc_hd__mux2_2)
   0.12   73.25 v _086432_/X (sky130_fd_sc_hd__buf_6)
   0.27   73.52 v _116528_/X (sky130_fd_sc_hd__mux2_2)
   0.34   73.86 v _116530_/X (sky130_fd_sc_hd__a211o_2)
   0.11   73.97 v _116531_/X (sky130_fd_sc_hd__o211a_2)
   0.00   73.97 v _144067_/D (sky130_fd_sc_hd__dfxtp_2)
          73.97   data arrival time

  17.00   17.00   clock clk (rise edge)
   0.00   17.00   clock network delay (ideal)
  -0.25   16.75   clock uncertainty
   0.00   16.75   clock reconvergence pessimism
          16.75 ^ _144067_/CLK (sky130_fd_sc_hd__dfxtp_2)
  -0.09   16.66   library setup time
          16.66   data required time
---------------------------------------------------------
          16.66   data required time
         -73.97   data arrival time
---------------------------------------------------------
         -57.30   slack (VIOLATED)


===== summary =====
worst slack -57.46
tns -9677.43
wns -57.46
