OpenLane v1.0.2 (ff5509f65b17bfa4068d5336495ab1718987ff69)
All rights reserved. (c) 2020-2025 Efabless Corporation and contributors.
Available under the Apache License, version 2.0. See the LICENSE file for more details.

[INFO]: Using configuration in 'designs/riscv_top/config.tcl'...
[INFO]: PDK Root: /Users/peter/.ciel
[INFO]: Process Design Kit: sky130A
[INFO]: Standard Cell Library: sky130_fd_sc_hd
[INFO]: Optimization Standard Cell Library: sky130_fd_sc_hd
[WARNING]: SYNTH_MAX_FANOUT is now deprecated; use MAX_FANOUT_CONSTRAINT instead.
[INFO]: Run Directory: /openlane/designs/riscv_top/runs/par_mulonly_nomacro_20260219
[INFO]: Saving runtime environment...
[INFO]: Preparing LEF files for the nom corner...
[INFO]: Preparing LEF files for the min corner...
[INFO]: Preparing LEF files for the max corner...
[INFO]: Running linter (Verilator) (log: designs/riscv_top/runs/par_mulonly_nomacro_20260219/logs/synthesis/linter.log)...
[INFO]: 0 errors found by linter
[WARNING]: 36 warnings found by linter
[STEP 1]
[INFO]: Running Synthesis (log: designs/riscv_top/runs/par_mulonly_nomacro_20260219/logs/synthesis/1-synthesis.log)...
[STEP 2]
[INFO]: Running Single-Corner Static Timing Analysis (log: designs/riscv_top/runs/par_mulonly_nomacro_20260219/logs/synthesis/2-sta.log)...
[STEP 3]
[INFO]: Running Initial Floorplanning (log: designs/riscv_top/runs/par_mulonly_nomacro_20260219/logs/floorplan/3-initial_fp.log)...
[INFO]: Floorplanned with width 1188.64 and height 1177.76.
[STEP 4]
[INFO]: Running IO Placement...
[STEP 5]
[INFO]: Running Global Placement (log: designs/riscv_top/runs/par_mulonly_nomacro_20260219/logs/placement/5-global.log)...
[ERROR]: during executing openroad script /openlane/scripts/openroad/gpl.tcl
[ERROR]: Log: designs/riscv_top/runs/par_mulonly_nomacro_20260219/logs/placement/5-global.log
[ERROR]: Last 10 lines:
[InitialPlace]  Iter: 16 CG residual: 0.00002607 HPWL: 962886113
[InitialPlace]  Iter: 17 CG residual: 0.00002203 HPWL: 961796467
[InitialPlace]  Iter: 18 CG residual: 0.00002393 HPWL: 962823619
[InitialPlace]  Iter: 19 CG residual: 0.00002881 HPWL: 961803357
[InitialPlace]  Iter: 20 CG residual: 0.00002311 HPWL: 962872454
[ERROR GPL-0302] Use a higher -density or re-floorplan with a larger core area.
Given target density: 0.50
Suggested target density: 0.61
Error: gpl.tcl, 71 GPL-0302
child process exited abnormally

[ERROR]: Creating issue reproducible...
[INFO]: Saving runtime environment...
OpenLane TCL Issue Packager

EFABLESS CORPORATION AND ALL AUTHORS OF THE OPENLANE PROJECT SHALL NOT BE HELD
LIABLE FOR ANY LEAKS THAT MAY OCCUR TO ANY PROPRIETARY DATA AS A RESULT OF USING
THIS SCRIPT. THIS SCRIPT IS PROVIDED ON AN "AS IS" BASIS, WITHOUT WARRANTIES OR
CONDITIONS OF ANY KIND.

BY USING THIS SCRIPT, YOU ACKNOWLEDGE THAT YOU FULLY UNDERSTAND THIS DISCLAIMER
AND ALL IT ENTAILS.

Parsing config file(s)…
Setting up /openlane/designs/riscv_top/runs/par_mulonly_nomacro_20260219/issue_reproducible…
Done.
[INFO]: Reproducible packaged: Please tarball and upload 'designs/riscv_top/runs/par_mulonly_nomacro_20260219/issue_reproducible' if you're going to submit an issue.
[ERROR]: Step 5 (floorplan) failed with error:
-code 1 -level 0 -errorcode NONE -errorinfo {
    while executing
"throw_error"
    (procedure "run_tcl_script" line 219)
    invoked from within
"run_tcl_script -tool openroad -no_consume {*}$args"
    (procedure "run_openroad_script" line 2)
    invoked from within
"run_openroad_script $::env(SCRIPTS_DIR)/openroad/gpl.tcl -indexed_log [index_file $::env(placement_logs)/global.log] -save "to=$::env(placement_tmpfil..."
    (procedure "global_placement_or" line 12)
    invoked from within
"global_placement_or"
    (procedure "run_floorplan" line 45)
    invoked from within
"run_floorplan"} -errorline 1
[INFO]: Saving current set of views in 'designs/riscv_top/runs/par_mulonly_nomacro_20260219/results/final'...
[INFO]: Generating final set of reports...
[INFO]: Created manufacturability report at 'designs/riscv_top/runs/par_mulonly_nomacro_20260219/reports/manufacturability.rpt'.
[INFO]: Created metrics report at 'designs/riscv_top/runs/par_mulonly_nomacro_20260219/reports/metrics.csv'.
[INFO]: Saving runtime environment...
[ERROR]: Flow failed.
[INFO]: The failure may have been because of the following warnings:
[WARNING]: 36 warnings found by linter

