./obj_dir/Vriscv_top +loadmem=fib.hex +max-cycles=500000000 
Loaded 9 lines from fib.hex
[C1] PC_F=00002008 PC_ID=00002000 I0=00080137 I1=010000ef flush_id=0 freeze=0 dual_issued=0 lane1_issue_en=0
[C2] PC_F=00002008 PC_ID=00002004 I0=010000ef I1=00000013 flush_id=0 freeze=0 dual_issued=0 lane1_issue_en=0
[C3] PC_F=00002010 PC_ID=00002008 I0=00000013 I1=00000013 flush_id=1 freeze=0 dual_issued=0 lane1_issue_en=0
[C4] PC_F=00002014 PC_ID=00002010 I0=00000013 I1=00000013 flush_id=1 freeze=0 dual_issued=0 lane1_issue_en=0
[C5] PC_F=0000201c PC_ID=00002014 I0=00100713 I1=00000797 flush_id=0 freeze=0 dual_issued=0 lane1_issue_en=0
[C6] PC_F=0000201c PC_ID=00002018 I0=00000797 I1=00000013 flush_id=0 freeze=0 dual_issued=0 lane1_issue_en=0
[C7] PC_F=00002024 PC_ID=0000201c I0=0607aa23 I1=00000797 flush_id=0 freeze=0 dual_issued=0 lane1_issue_en=0
[C8] PC_F=00002024 PC_ID=00002020 I0=00000797 I1=00000013 flush_id=0 freeze=0 dual_issued=0 lane1_issue_en=0
[C9] PC_F=0000202c PC_ID=00002024 I0=06e7a823 I1=00000797 flush_id=0 freeze=0 dual_issued=0 lane1_issue_en=0
[C10] PC_F=0000202c PC_ID=00002028 I0=00000797 I1=00000013 flush_id=0 freeze=0 dual_issued=0 lane1_issue_en=0
[C11] PC_F=00002034 PC_ID=0000202c I0=06c78793 I1=00000617 flush_id=0 freeze=0 dual_issued=0 lane1_issue_en=0
[C12] PC_F=00002034 PC_ID=00002030 I0=00000617 I1=00000013 flush_id=0 freeze=0 dual_issued=0 lane1_issue_en=0
[C13] PC_F=0000203c PC_ID=00002034 I0=2b460613 I1=00000693 flush_id=0 freeze=0 dual_issued=0 lane1_issue_en=0
[C14] PC_F=0000203c PC_ID=00002038 I0=00000693 I1=00000013 flush_id=0 freeze=0 dual_issued=0 lane1_issue_en=0
[C15] PC_F=00002044 PC_ID=0000203c I0=00e686b3 I1=00d70733 flush_id=0 freeze=0 dual_issued=0 lane1_issue_en=0
[C16] PC_F=00002044 PC_ID=00002040 I0=00d70733 I1=00000013 flush_id=0 freeze=0 dual_issued=0 lane1_issue_en=0
[C17] PC_F=0000204c PC_ID=00002044 I0=00e7a223 I1=00d7a023 flush_id=0 freeze=0 dual_issued=0 lane1_issue_en=0
[C18] PC_F=0000204c PC_ID=00002048 I0=00d7a023 I1=00000013 flush_id=0 freeze=0 dual_issued=0 lane1_issue_en=0
[C19] PC_F=00002054 PC_ID=0000204c I0=00878793 I1=fec796e3 flush_id=0 freeze=0 dual_issued=0 lane1_issue_en=0
[C20] PC_F=00002054 PC_ID=00002050 I0=fec796e3 I1=00000013 flush_id=0 freeze=0 dual_issued=0 lane1_issue_en=0
*** PASSED *** after 615 simulation cycles
Total cycles: 615
Counter: dual_issued=0 lane1_issue_en=0 flush_id=150 freeze=0
Retired: lane0=463 lane1=0 total=463 IPC=0.752846
